#
# There is insufficient memory for the Java Runtime Environment to continue.
# Native memory allocation (malloc) failed to allocate 128672 bytes for Chunk::new
# Possible reasons:
#   The system is out of physical RAM or swap space
#   The process is running with CompressedOops enabled, and the Java Heap may be blocking the growth of the native heap
# Possible solutions:
#   Reduce memory load on the system
#   Increase physical memory or swap space
#   Check if swap backing store is full
#   Decrease Java heap size (-Xmx/-Xms)
#   Decrease number of Java threads
#   Decrease Java thread stack sizes (-Xss)
#   Set larger code cache with -XX:ReservedCodeCacheSize=
#   JVM is running with Unscaled Compressed Oops mode in which the Java heap is
#     placed in the first 4GB address space. The Java Heap base address is the
#     maximum limit for the native heap growth. Please use -XX:HeapBaseMinAddress
#     to set the Java Heap base and to place the Java Heap above 4GB virtual address.
# This output file may be truncated or incomplete.
#
#  Out of Memory Error (arena.cpp:184), pid=23884, tid=5472
#
# JRE version: Java(TM) SE Runtime Environment (19.0.2+7) (build 19.0.2+7-44)
# Java VM: Java HotSpot(TM) 64-Bit Server VM (19.0.2+7-44, mixed mode, sharing, tiered, compressed oops, compressed class ptrs, g1 gc, windows-amd64)
# No core dump will be written. Minidumps are not enabled by default on client versions of Windows
#

---------------  S U M M A R Y ------------

Command Line: -Dclassworlds.conf=C:\Program Files\NetBeans-17\netbeans\java\maven\bin\m2.conf -Dmaven.home=C:\Program Files\NetBeans-17\netbeans\java\maven -Dlibrary.jansi.path=C:\Program Files\NetBeans-17\netbeans\java\maven\lib\jansi-native -Dmaven.multiModuleProjectDirectory=C:\Users\PC\Downloads\NhaDatManager org.codehaus.plexus.classworlds.launcher.Launcher -Dexec.vmArgs= -Dexec.args=${exec.vmArgs} -classpath %classpath ${exec.mainClass} ${exec.appArgs} -Dexec.executable=C:\Program Files\Java\jdk-19\bin\java.exe -Dexec.mainClass=qlnhaaadattt.UsersManagement -Dexec.classpathScope=runtime -Dexec.appArgs= -Dmaven.ext.class.path=C:\Program Files\NetBeans-17\netbeans\java\maven-nblib\netbeans-eventspy.jar --no-transfer-progress org.codehaus.mojo:exec-maven-plugin:3.1.0:exec

Host: AMD Ryzen 7 3700U with Radeon Vega Mobile Gfx  , 8 cores, 5G,  Windows 11 , 64 bit Build 22621 (10.0.22621.1635)
Time: Mon Jun  5 02:11:32 2023 SE Asia Standard Time elapsed time: 2.074790 seconds (0d 0h 0m 2s)

---------------  T H R E A D  ---------------

Current thread (0x000002063f23fe80):  JavaThread "C2 CompilerThread0" daemon [_thread_in_native, id=5472, stack(0x000000746a600000,0x000000746a700000)]


Current CompileTask:
C2:   2074 1309       4       org.eclipse.sisu.space.asm.ClassReader::readUTF (193 bytes)

Stack: [0x000000746a600000,0x000000746a700000]
Native frames: (J=compiled Java code, j=interpreted, Vv=VM code, C=native code)
V  [jvm.dll+0x6ee21a]
V  [jvm.dll+0x85765e]
V  [jvm.dll+0x85904e]
V  [jvm.dll+0x859703]
V  [jvm.dll+0x28298f]
V  [jvm.dll+0xc9adf]
V  [jvm.dll+0xc9e65]
V  [jvm.dll+0x3bca4c]
V  [jvm.dll+0x3860e1]
V  [jvm.dll+0x38555a]
V  [jvm.dll+0x24c3d9]
V  [jvm.dll+0x24b781]
V  [jvm.dll+0x1d6ce1]
V  [jvm.dll+0x25b25a]
V  [jvm.dll+0x2596e8]
V  [jvm.dll+0x807588]
V  [jvm.dll+0x80125a]
V  [jvm.dll+0x6ecf0b]
C  [ucrtbase.dll+0x29363]
C  [KERNEL32.DLL+0x126ad]
C  [ntdll.dll+0x5a9f8]


---------------  P R O C E S S  ---------------

Threads class SMR info:
_java_thread_list=0x0000020643ec7d60, length=12, elements={
0x000002061fdf1080, 0x000002063f22d040, 0x000002063f22db70, 0x000002063f230870,
0x000002063f2313a0, 0x000002063f234480, 0x000002063f23aa60, 0x000002063f23fe80,
0x000002063f242bb0, 0x000002063f24d8d0, 0x00000206434c6320, 0x00000206434c74e0
}

Java Threads: ( => current thread )
  0x000002061fdf1080 JavaThread "main" [_thread_in_Java, id=28740, stack(0x0000007469900000,0x0000007469a00000)]
  0x000002063f22d040 JavaThread "Reference Handler" daemon [_thread_blocked, id=33284, stack(0x000000746a000000,0x000000746a100000)]
  0x000002063f22db70 JavaThread "Finalizer" daemon [_thread_blocked, id=22076, stack(0x000000746a100000,0x000000746a200000)]
  0x000002063f230870 JavaThread "Signal Dispatcher" daemon [_thread_blocked, id=4932, stack(0x000000746a200000,0x000000746a300000)]
  0x000002063f2313a0 JavaThread "Attach Listener" daemon [_thread_blocked, id=26224, stack(0x000000746a300000,0x000000746a400000)]
  0x000002063f234480 JavaThread "Service Thread" daemon [_thread_blocked, id=5488, stack(0x000000746a400000,0x000000746a500000)]
  0x000002063f23aa60 JavaThread "Monitor Deflation Thread" daemon [_thread_blocked, id=17524, stack(0x000000746a500000,0x000000746a600000)]
=>0x000002063f23fe80 JavaThread "C2 CompilerThread0" daemon [_thread_in_native, id=5472, stack(0x000000746a600000,0x000000746a700000)]
  0x000002063f242bb0 JavaThread "C1 CompilerThread0" daemon [_thread_blocked, id=33456, stack(0x000000746a700000,0x000000746a800000)]
  0x000002063f24d8d0 JavaThread "Sweeper thread" daemon [_thread_blocked, id=27116, stack(0x000000746a800000,0x000000746a900000)]
  0x00000206434c6320 JavaThread "Notification Thread" daemon [_thread_blocked, id=14368, stack(0x000000746a900000,0x000000746aa00000)]
  0x00000206434c74e0 JavaThread "Common-Cleaner" daemon [_thread_blocked, id=14016, stack(0x000000746ab00000,0x000000746ac00000)]

Other Threads:
  0x000002063f20fd50 VMThread "VM Thread" [stack: 0x0000007469f00000,0x000000746a000000] [id=25908]
  0x00000206434c6c70 WatcherThread "VM Periodic Task Thread" [stack: 0x000000746aa00000,0x000000746ab00000] [id=29440]
  0x000002061fe400d0 WorkerThread "GC Thread#0" [stack: 0x0000007469a00000,0x0000007469b00000] [id=33500]
  0x0000020643fe8060 WorkerThread "GC Thread#1" [stack: 0x000000746ac00000,0x000000746ad00000] [id=28080]
  0x0000020643e11f10 WorkerThread "GC Thread#2" [stack: 0x000000746ad00000,0x000000746ae00000] [id=8028]
  0x000002064402dd20 WorkerThread "GC Thread#3" [stack: 0x000000746ae00000,0x000000746af00000] [id=7908]
  0x000002064402eb30 WorkerThread "GC Thread#4" [stack: 0x000000746af00000,0x000000746b000000] [id=11056]
  0x000002064402dff0 WorkerThread "GC Thread#5" [stack: 0x000000746b000000,0x000000746b100000] [id=7560]
  0x000002064402e2c0 WorkerThread "GC Thread#6" [stack: 0x000000746b100000,0x000000746b200000] [id=9164]
  0x000002064402ee00 WorkerThread "GC Thread#7" [stack: 0x000000746b200000,0x000000746b300000] [id=29708]
  0x000002061fe4cfb0 ConcurrentGCThread "G1 Main Marker" [stack: 0x0000007469b00000,0x0000007469c00000] [id=28868]
  0x000002061fe4e180 WorkerThread "G1 Conc#0" [stack: 0x0000007469c00000,0x0000007469d00000] [id=25968]
  0x000002063f0d20b0 ConcurrentGCThread "G1 Refine#0" [stack: 0x0000007469d00000,0x0000007469e00000] [id=11732]
  0x000002063f0d2a90 ConcurrentGCThread "G1 Service" [stack: 0x0000007469e00000,0x0000007469f00000] [id=29772]

Threads with active compile tasks:
C2 CompilerThread0     2143 1309       4       org.eclipse.sisu.space.asm.ClassReader::readUTF (193 bytes)

VM state: not at safepoint (normal execution)

VM Mutex/Monitor currently owned by a thread: None

Heap address: 0x00000000a1c00000, size: 1508 MB, Compressed Oops mode: 32-bit

CDS archive(s) mapped at: [0x0000000800000000-0x0000000800c40000-0x0000000800c40000), size 12845056, SharedBaseAddress: 0x0000000800000000, ArchiveRelocationMode: 0.
Compressed class space mapped at: 0x0000000801000000-0x0000000841000000, reserved size: 1073741824
Narrow klass base: 0x0000000800000000, Narrow klass shift: 0, Narrow klass range: 0x100000000

GC Precious Log:
 CardTable entry size: 512
 Card Set container configuration: InlinePtr #cards 5 size 8 Array Of Cards #cards 12 size 40 Howl #buckets 4 coarsen threshold 1843 Howl Bitmap #cards 512 size 80 coarsen threshold 460 Card regions per heap region 1 cards per card region 2048
 CPUs: 8 total, 8 available
 Memory: 6030M
 Large Page Support: Disabled
 NUMA Support: Disabled
 Compressed Oops: Enabled (32-bit)
 Heap Region Size: 1M
 Heap Min Capacity: 8M
 Heap Initial Capacity: 96M
 Heap Max Capacity: 1508M
 Pre-touch: Disabled
 Parallel Workers: 8
 Concurrent Workers: 2
 Concurrent Refinement Workers: 8
 Periodic GC: Disabled

Heap:
 garbage-first heap   total 98304K, used 11652K [0x00000000a1c00000, 0x0000000100000000)
  region size 1024K, 12 young (12288K), 3 survivors (3072K)
 Metaspace       used 6090K, committed 6272K, reserved 1114112K
  class space    used 674K, committed 768K, reserved 1048576K

Heap Regions: E=young(eden), S=young(survivor), O=old, HS=humongous(starts), HC=humongous(continues), CS=collection set, F=free, OA=open archive, CA=closed archive, TAMS=top-at-mark-start (previous, next)
|   0|0x00000000a1c00000, 0x00000000a1c61200, 0x00000000a1d00000| 37%| O|  |TAMS 0x00000000a1c00000, 0x00000000a1c00000| Untracked 
|   1|0x00000000a1d00000, 0x00000000a1d00000, 0x00000000a1e00000|  0%| F|  |TAMS 0x00000000a1d00000, 0x00000000a1d00000| Untracked 
|   2|0x00000000a1e00000, 0x00000000a1e00000, 0x00000000a1f00000|  0%| F|  |TAMS 0x00000000a1e00000, 0x00000000a1e00000| Untracked 
|   3|0x00000000a1f00000, 0x00000000a1f00000, 0x00000000a2000000|  0%| F|  |TAMS 0x00000000a1f00000, 0x00000000a1f00000| Untracked 
|   4|0x00000000a2000000, 0x00000000a2000000, 0x00000000a2100000|  0%| F|  |TAMS 0x00000000a2000000, 0x00000000a2000000| Untracked 
|   5|0x00000000a2100000, 0x00000000a2100000, 0x00000000a2200000|  0%| F|  |TAMS 0x00000000a2100000, 0x00000000a2100000| Untracked 
|   6|0x00000000a2200000, 0x00000000a2200000, 0x00000000a2300000|  0%| F|  |TAMS 0x00000000a2200000, 0x00000000a2200000| Untracked 
|   7|0x00000000a2300000, 0x00000000a2300000, 0x00000000a2400000|  0%| F|  |TAMS 0x00000000a2300000, 0x00000000a2300000| Untracked 
|   8|0x00000000a2400000, 0x00000000a2400000, 0x00000000a2500000|  0%| F|  |TAMS 0x00000000a2400000, 0x00000000a2400000| Untracked 
|   9|0x00000000a2500000, 0x00000000a2500000, 0x00000000a2600000|  0%| F|  |TAMS 0x00000000a2500000, 0x00000000a2500000| Untracked 
|  10|0x00000000a2600000, 0x00000000a2600000, 0x00000000a2700000|  0%| F|  |TAMS 0x00000000a2600000, 0x00000000a2600000| Untracked 
|  11|0x00000000a2700000, 0x00000000a2700000, 0x00000000a2800000|  0%| F|  |TAMS 0x00000000a2700000, 0x00000000a2700000| Untracked 
|  12|0x00000000a2800000, 0x00000000a2800000, 0x00000000a2900000|  0%| F|  |TAMS 0x00000000a2800000, 0x00000000a2800000| Untracked 
|  13|0x00000000a2900000, 0x00000000a2900000, 0x00000000a2a00000|  0%| F|  |TAMS 0x00000000a2900000, 0x00000000a2900000| Untracked 
|  14|0x00000000a2a00000, 0x00000000a2a00000, 0x00000000a2b00000|  0%| F|  |TAMS 0x00000000a2a00000, 0x00000000a2a00000| Untracked 
|  15|0x00000000a2b00000, 0x00000000a2b00000, 0x00000000a2c00000|  0%| F|  |TAMS 0x00000000a2b00000, 0x00000000a2b00000| Untracked 
|  16|0x00000000a2c00000, 0x00000000a2c00000, 0x00000000a2d00000|  0%| F|  |TAMS 0x00000000a2c00000, 0x00000000a2c00000| Untracked 
|  17|0x00000000a2d00000, 0x00000000a2d00000, 0x00000000a2e00000|  0%| F|  |TAMS 0x00000000a2d00000, 0x00000000a2d00000| Untracked 
|  18|0x00000000a2e00000, 0x00000000a2e00000, 0x00000000a2f00000|  0%| F|  |TAMS 0x00000000a2e00000, 0x00000000a2e00000| Untracked 
|  19|0x00000000a2f00000, 0x00000000a2f00000, 0x00000000a3000000|  0%| F|  |TAMS 0x00000000a2f00000, 0x00000000a2f00000| Untracked 
|  20|0x00000000a3000000, 0x00000000a3000000, 0x00000000a3100000|  0%| F|  |TAMS 0x00000000a3000000, 0x00000000a3000000| Untracked 
|  21|0x00000000a3100000, 0x00000000a3100000, 0x00000000a3200000|  0%| F|  |TAMS 0x00000000a3100000, 0x00000000a3100000| Untracked 
|  22|0x00000000a3200000, 0x00000000a3200000, 0x00000000a3300000|  0%| F|  |TAMS 0x00000000a3200000, 0x00000000a3200000| Untracked 
|  23|0x00000000a3300000, 0x00000000a3300000, 0x00000000a3400000|  0%| F|  |TAMS 0x00000000a3300000, 0x00000000a3300000| Untracked 
|  24|0x00000000a3400000, 0x00000000a3400000, 0x00000000a3500000|  0%| F|  |TAMS 0x00000000a3400000, 0x00000000a3400000| Untracked 
|  25|0x00000000a3500000, 0x00000000a3500000, 0x00000000a3600000|  0%| F|  |TAMS 0x00000000a3500000, 0x00000000a3500000| Untracked 
|  26|0x00000000a3600000, 0x00000000a3600000, 0x00000000a3700000|  0%| F|  |TAMS 0x00000000a3600000, 0x00000000a3600000| Untracked 
|  27|0x00000000a3700000, 0x00000000a3700000, 0x00000000a3800000|  0%| F|  |TAMS 0x00000000a3700000, 0x00000000a3700000| Untracked 
|  28|0x00000000a3800000, 0x00000000a3800000, 0x00000000a3900000|  0%| F|  |TAMS 0x00000000a3800000, 0x00000000a3800000| Untracked 
|  29|0x00000000a3900000, 0x00000000a3900000, 0x00000000a3a00000|  0%| F|  |TAMS 0x00000000a3900000, 0x00000000a3900000| Untracked 
|  30|0x00000000a3a00000, 0x00000000a3a00000, 0x00000000a3b00000|  0%| F|  |TAMS 0x00000000a3a00000, 0x00000000a3a00000| Untracked 
|  31|0x00000000a3b00000, 0x00000000a3b00000, 0x00000000a3c00000|  0%| F|  |TAMS 0x00000000a3b00000, 0x00000000a3b00000| Untracked 
|  32|0x00000000a3c00000, 0x00000000a3c00000, 0x00000000a3d00000|  0%| F|  |TAMS 0x00000000a3c00000, 0x00000000a3c00000| Untracked 
|  33|0x00000000a3d00000, 0x00000000a3d00000, 0x00000000a3e00000|  0%| F|  |TAMS 0x00000000a3d00000, 0x00000000a3d00000| Untracked 
|  34|0x00000000a3e00000, 0x00000000a3e00000, 0x00000000a3f00000|  0%| F|  |TAMS 0x00000000a3e00000, 0x00000000a3e00000| Untracked 
|  35|0x00000000a3f00000, 0x00000000a3f00000, 0x00000000a4000000|  0%| F|  |TAMS 0x00000000a3f00000, 0x00000000a3f00000| Untracked 
|  36|0x00000000a4000000, 0x00000000a4000000, 0x00000000a4100000|  0%| F|  |TAMS 0x00000000a4000000, 0x00000000a4000000| Untracked 
|  37|0x00000000a4100000, 0x00000000a4100000, 0x00000000a4200000|  0%| F|  |TAMS 0x00000000a4100000, 0x00000000a4100000| Untracked 
|  38|0x00000000a4200000, 0x00000000a4200000, 0x00000000a4300000|  0%| F|  |TAMS 0x00000000a4200000, 0x00000000a4200000| Untracked 
|  39|0x00000000a4300000, 0x00000000a4300000, 0x00000000a4400000|  0%| F|  |TAMS 0x00000000a4300000, 0x00000000a4300000| Untracked 
|  40|0x00000000a4400000, 0x00000000a4400000, 0x00000000a4500000|  0%| F|  |TAMS 0x00000000a4400000, 0x00000000a4400000| Untracked 
|  41|0x00000000a4500000, 0x00000000a4500000, 0x00000000a4600000|  0%| F|  |TAMS 0x00000000a4500000, 0x00000000a4500000| Untracked 
|  42|0x00000000a4600000, 0x00000000a4600000, 0x00000000a4700000|  0%| F|  |TAMS 0x00000000a4600000, 0x00000000a4600000| Untracked 
|  43|0x00000000a4700000, 0x00000000a4700000, 0x00000000a4800000|  0%| F|  |TAMS 0x00000000a4700000, 0x00000000a4700000| Untracked 
|  44|0x00000000a4800000, 0x00000000a4800000, 0x00000000a4900000|  0%| F|  |TAMS 0x00000000a4800000, 0x00000000a4800000| Untracked 
|  45|0x00000000a4900000, 0x00000000a4900000, 0x00000000a4a00000|  0%| F|  |TAMS 0x00000000a4900000, 0x00000000a4900000| Untracked 
|  46|0x00000000a4a00000, 0x00000000a4a00000, 0x00000000a4b00000|  0%| F|  |TAMS 0x00000000a4a00000, 0x00000000a4a00000| Untracked 
|  47|0x00000000a4b00000, 0x00000000a4b00000, 0x00000000a4c00000|  0%| F|  |TAMS 0x00000000a4b00000, 0x00000000a4b00000| Untracked 
|  48|0x00000000a4c00000, 0x00000000a4c00000, 0x00000000a4d00000|  0%| F|  |TAMS 0x00000000a4c00000, 0x00000000a4c00000| Untracked 
|  49|0x00000000a4d00000, 0x00000000a4d00000, 0x00000000a4e00000|  0%| F|  |TAMS 0x00000000a4d00000, 0x00000000a4d00000| Untracked 
|  50|0x00000000a4e00000, 0x00000000a4e00000, 0x00000000a4f00000|  0%| F|  |TAMS 0x00000000a4e00000, 0x00000000a4e00000| Untracked 
|  51|0x00000000a4f00000, 0x00000000a4f00000, 0x00000000a5000000|  0%| F|  |TAMS 0x00000000a4f00000, 0x00000000a4f00000| Untracked 
|  52|0x00000000a5000000, 0x00000000a5000000, 0x00000000a5100000|  0%| F|  |TAMS 0x00000000a5000000, 0x00000000a5000000| Untracked 
|  53|0x00000000a5100000, 0x00000000a5100000, 0x00000000a5200000|  0%| F|  |TAMS 0x00000000a5100000, 0x00000000a5100000| Untracked 
|  54|0x00000000a5200000, 0x00000000a5200000, 0x00000000a5300000|  0%| F|  |TAMS 0x00000000a5200000, 0x00000000a5200000| Untracked 
|  55|0x00000000a5300000, 0x00000000a5300000, 0x00000000a5400000|  0%| F|  |TAMS 0x00000000a5300000, 0x00000000a5300000| Untracked 
|  56|0x00000000a5400000, 0x00000000a5400000, 0x00000000a5500000|  0%| F|  |TAMS 0x00000000a5400000, 0x00000000a5400000| Untracked 
|  57|0x00000000a5500000, 0x00000000a5500000, 0x00000000a5600000|  0%| F|  |TAMS 0x00000000a5500000, 0x00000000a5500000| Untracked 
|  58|0x00000000a5600000, 0x00000000a5600000, 0x00000000a5700000|  0%| F|  |TAMS 0x00000000a5600000, 0x00000000a5600000| Untracked 
|  59|0x00000000a5700000, 0x00000000a5700000, 0x00000000a5800000|  0%| F|  |TAMS 0x00000000a5700000, 0x00000000a5700000| Untracked 
|  60|0x00000000a5800000, 0x00000000a5800000, 0x00000000a5900000|  0%| F|  |TAMS 0x00000000a5800000, 0x00000000a5800000| Untracked 
|  61|0x00000000a5900000, 0x00000000a5900000, 0x00000000a5a00000|  0%| F|  |TAMS 0x00000000a5900000, 0x00000000a5900000| Untracked 
|  62|0x00000000a5a00000, 0x00000000a5a00000, 0x00000000a5b00000|  0%| F|  |TAMS 0x00000000a5a00000, 0x00000000a5a00000| Untracked 
|  63|0x00000000a5b00000, 0x00000000a5b00000, 0x00000000a5c00000|  0%| F|  |TAMS 0x00000000a5b00000, 0x00000000a5b00000| Untracked 
|  64|0x00000000a5c00000, 0x00000000a5c00000, 0x00000000a5d00000|  0%| F|  |TAMS 0x00000000a5c00000, 0x00000000a5c00000| Untracked 
|  65|0x00000000a5d00000, 0x00000000a5d00000, 0x00000000a5e00000|  0%| F|  |TAMS 0x00000000a5d00000, 0x00000000a5d00000| Untracked 
|  66|0x00000000a5e00000, 0x00000000a5e00000, 0x00000000a5f00000|  0%| F|  |TAMS 0x00000000a5e00000, 0x00000000a5e00000| Untracked 
|  67|0x00000000a5f00000, 0x00000000a5f00000, 0x00000000a6000000|  0%| F|  |TAMS 0x00000000a5f00000, 0x00000000a5f00000| Untracked 
|  68|0x00000000a6000000, 0x00000000a6000000, 0x00000000a6100000|  0%| F|  |TAMS 0x00000000a6000000, 0x00000000a6000000| Untracked 
|  69|0x00000000a6100000, 0x00000000a6100000, 0x00000000a6200000|  0%| F|  |TAMS 0x00000000a6100000, 0x00000000a6100000| Untracked 
|  70|0x00000000a6200000, 0x00000000a6300000, 0x00000000a6300000|100%| S|CS|TAMS 0x00000000a6200000, 0x00000000a6200000| Complete 
|  71|0x00000000a6300000, 0x00000000a6400000, 0x00000000a6400000|100%| S|CS|TAMS 0x00000000a6300000, 0x00000000a6300000| Complete 
|  72|0x00000000a6400000, 0x00000000a6500000, 0x00000000a6500000|100%| S|CS|TAMS 0x00000000a6400000, 0x00000000a6400000| Complete 
|  73|0x00000000a6500000, 0x00000000a6500000, 0x00000000a6600000|  0%| F|  |TAMS 0x00000000a6500000, 0x00000000a6500000| Untracked 
|  74|0x00000000a6600000, 0x00000000a6600000, 0x00000000a6700000|  0%| F|  |TAMS 0x00000000a6600000, 0x00000000a6600000| Untracked 
|  75|0x00000000a6700000, 0x00000000a6700000, 0x00000000a6800000|  0%| F|  |TAMS 0x00000000a6700000, 0x00000000a6700000| Untracked 
|  76|0x00000000a6800000, 0x00000000a6800000, 0x00000000a6900000|  0%| F|  |TAMS 0x00000000a6800000, 0x00000000a6800000| Untracked 
|  77|0x00000000a6900000, 0x00000000a6900000, 0x00000000a6a00000|  0%| F|  |TAMS 0x00000000a6900000, 0x00000000a6900000| Untracked 
|  78|0x00000000a6a00000, 0x00000000a6a00000, 0x00000000a6b00000|  0%| F|  |TAMS 0x00000000a6a00000, 0x00000000a6a00000| Untracked 
|  79|0x00000000a6b00000, 0x00000000a6b00000, 0x00000000a6c00000|  0%| F|  |TAMS 0x00000000a6b00000, 0x00000000a6b00000| Untracked 
|  80|0x00000000a6c00000, 0x00000000a6c00000, 0x00000000a6d00000|  0%| F|  |TAMS 0x00000000a6c00000, 0x00000000a6c00000| Untracked 
|  81|0x00000000a6d00000, 0x00000000a6d00000, 0x00000000a6e00000|  0%| F|  |TAMS 0x00000000a6d00000, 0x00000000a6d00000| Untracked 
|  82|0x00000000a6e00000, 0x00000000a6e00000, 0x00000000a6f00000|  0%| F|  |TAMS 0x00000000a6e00000, 0x00000000a6e00000| Untracked 
|  83|0x00000000a6f00000, 0x00000000a6f00000, 0x00000000a7000000|  0%| F|  |TAMS 0x00000000a6f00000, 0x00000000a6f00000| Untracked 
|  84|0x00000000a7000000, 0x00000000a7000000, 0x00000000a7100000|  0%| F|  |TAMS 0x00000000a7000000, 0x00000000a7000000| Untracked 
|  85|0x00000000a7100000, 0x00000000a7100000, 0x00000000a7200000|  0%| F|  |TAMS 0x00000000a7100000, 0x00000000a7100000| Untracked 
|  86|0x00000000a7200000, 0x00000000a7264eb8, 0x00000000a7300000| 39%| E|  |TAMS 0x00000000a7200000, 0x00000000a7200000| Complete 
|  87|0x00000000a7300000, 0x00000000a7400000, 0x00000000a7400000|100%| E|CS|TAMS 0x00000000a7300000, 0x00000000a7300000| Complete 
|  88|0x00000000a7400000, 0x00000000a7500000, 0x00000000a7500000|100%| E|CS|TAMS 0x00000000a7400000, 0x00000000a7400000| Complete 
|  89|0x00000000a7500000, 0x00000000a7600000, 0x00000000a7600000|100%| E|CS|TAMS 0x00000000a7500000, 0x00000000a7500000| Complete 
|  90|0x00000000a7600000, 0x00000000a7700000, 0x00000000a7700000|100%| E|CS|TAMS 0x00000000a7600000, 0x00000000a7600000| Complete 
|  91|0x00000000a7700000, 0x00000000a7800000, 0x00000000a7800000|100%| E|CS|TAMS 0x00000000a7700000, 0x00000000a7700000| Complete 
|  92|0x00000000a7800000, 0x00000000a7900000, 0x00000000a7900000|100%| E|CS|TAMS 0x00000000a7800000, 0x00000000a7800000| Complete 
|  93|0x00000000a7900000, 0x00000000a7a00000, 0x00000000a7a00000|100%| E|CS|TAMS 0x00000000a7900000, 0x00000000a7900000| Complete 
|  94|0x00000000a7a00000, 0x00000000a7b00000, 0x00000000a7b00000|100%| E|CS|TAMS 0x00000000a7a00000, 0x00000000a7a00000| Complete 
|  95|0x00000000a7b00000, 0x00000000a7c00000, 0x00000000a7c00000|100%| E|CS|TAMS 0x00000000a7b00000, 0x00000000a7b00000| Complete 

Card table byte_map: [0x00000206392a0000,0x00000206395a0000] _byte_map_base: 0x0000020638d92000

Marking Bits (Prev, Next): (CMBitMap*) 0x000002061fe40700, (CMBitMap*) 0x000002061fe40740
 Prev Bits: [0x00000206398a0000, 0x000002063b030000)
 Next Bits: [0x000002063b030000, 0x000002063c7c0000)

Polling page: 0x000002061feb0000

Metaspace:

Usage:
  Non-class:      5.31 MB used.
      Class:    677.88 KB used.
       Both:      5.97 MB used.

Virtual space:
  Non-class space:       64.00 MB reserved,       5.38 MB (  8%) committed,  1 nodes.
      Class space:        1.00 GB reserved,     768.00 KB ( <1%) committed,  1 nodes.
             Both:        1.06 GB reserved,       6.12 MB ( <1%) committed. 

Chunk freelists:
   Non-Class:  544.00 KB
       Class:  3.22 MB
        Both:  3.75 MB

MaxMetaspaceSize: unlimited
CompressedClassSpaceSize: 1.00 GB
Initial GC threshold: 21.00 MB
Current GC threshold: 21.00 MB
CDS: on
MetaspaceReclaimPolicy: balanced
 - commit_granule_bytes: 65536.
 - commit_granule_words: 8192.
 - virtual_space_node_default_size: 8388608.
 - enlarge_chunks_in_place: 1.
 - new_chunks_are_fully_committed: 0.
 - uncommit_free_chunks: 1.
 - use_allocation_guard: 0.


Internal statistics:

num_allocs_failed_limit: 0.
num_arena_births: 34.
num_arena_deaths: 0.
num_vsnodes_births: 2.
num_vsnodes_deaths: 0.
num_space_committed: 98.
num_space_uncommitted: 0.
num_chunks_returned_to_freelist: 0.
num_chunks_taken_from_freelist: 193.
num_chunk_merges: 0.
num_chunk_splits: 151.
num_chunks_enlarged: 135.
num_inconsistent_stats: 0.

CodeHeap 'non-profiled nmethods': size=120000Kb used=448Kb max_used=448Kb free=119551Kb
 bounds [0x0000020630ff0000, 0x0000020631260000, 0x0000020638520000]
CodeHeap 'profiled nmethods': size=120000Kb used=2577Kb max_used=2577Kb free=117422Kb
 bounds [0x0000020629520000, 0x00000206297b0000, 0x0000020630a50000]
CodeHeap 'non-nmethods': size=5760Kb used=1238Kb max_used=1264Kb free=4521Kb
 bounds [0x0000020630a50000, 0x0000020630cc0000, 0x0000020630ff0000]
 total_blobs=1800 nmethods=1354 adapters=357
 compilation: enabled
              stopped_count=0, restarted_count=0
 full_count=0

Compilation events (20 events):
Event: 2.058 Thread 0x000002063f23fe80 nmethod 1265% 0x000002063105ca10 code [0x000002063105cbe0, 0x000002063105df38]
Event: 2.058 Thread 0x000002063f23fe80 1309       4       org.eclipse.sisu.space.asm.ClassReader::readUTF (193 bytes)
Event: 2.059 Thread 0x000002063f242bb0 1313       3       com.google.inject.internal.UntargettedBindingImpl::<init> (8 bytes)
Event: 2.059 Thread 0x000002063f242bb0 nmethod 1313 0x000002062978ae90 code [0x000002062978b040, 0x000002062978b378]
Event: 2.059 Thread 0x000002063f242bb0 1314       3       com.google.common.base.Preconditions::checkNotNull (18 bytes)
Event: 2.059 Thread 0x000002063f242bb0 nmethod 1314 0x000002062978b490 code [0x000002062978b660, 0x000002062978b9d8]
Event: 2.060 Thread 0x000002063f242bb0 1315       3       java.util.Objects::checkFromToIndex (8 bytes)
Event: 2.060 Thread 0x000002063f242bb0 nmethod 1315 0x000002062978bb10 code [0x000002062978bcc0, 0x000002062978bf08]
Event: 2.062 Thread 0x000002063f242bb0 1316       3       jdk.internal.misc.Unsafe::getAndAddInt (27 bytes)
Event: 2.062 Thread 0x000002063f242bb0 nmethod 1316 0x000002062978c010 code [0x000002062978c1c0, 0x000002062978c408]
Event: 2.063 Thread 0x000002063f242bb0 1317       3       jdk.internal.loader.URLClassPath::findResource (38 bytes)
Event: 2.063 Thread 0x000002063f242bb0 nmethod 1317 0x000002062978c510 code [0x000002062978c6e0, 0x000002062978ca38]
Event: 2.065 Thread 0x000002063f242bb0 1318       3       com.google.inject.Key::<init> (29 bytes)
Event: 2.066 Thread 0x000002063f242bb0 nmethod 1318 0x000002062978cb90 code [0x000002062978cd80, 0x000002062978d228]
Event: 2.066 Thread 0x000002063f242bb0 1319       3       jdk.internal.module.Resources::toPackageName (39 bytes)
Event: 2.067 Thread 0x000002063f242bb0 nmethod 1319 0x000002062978d410 code [0x000002062978d640, 0x000002062978dcb8]
Event: 2.067 Thread 0x000002063f242bb0 1320   !   3       jdk.internal.loader.BuiltinClassLoader::findMiscResource (122 bytes)
Event: 2.069 Thread 0x000002063f242bb0 nmethod 1320 0x000002062978df10 code [0x000002062978e1c0, 0x000002062978f3c8]
Event: 2.069 Thread 0x000002063f242bb0 1321       3       java.util.ArrayList::rangeCheckForAdd (26 bytes)
Event: 2.070 Thread 0x000002063f242bb0 nmethod 1321 0x000002062978f890 code [0x000002062978fae0, 0x00000206297902e8]

GC Heap History (2 events):
Event: 1.684 GC heap before
{Heap before GC invocations=0 (full 0):
 garbage-first heap   total 98304K, used 23552K [0x00000000a1c00000, 0x0000000100000000)
  region size 1024K, 23 young (23552K), 0 survivors (0K)
 Metaspace       used 5001K, committed 5120K, reserved 1114112K
  class space    used 564K, committed 640K, reserved 1048576K
}
Event: 1.695 GC heap after
{Heap after GC invocations=1 (full 0):
 garbage-first heap   total 98304K, used 3460K [0x00000000a1c00000, 0x0000000100000000)
  region size 1024K, 3 young (3072K), 3 survivors (3072K)
 Metaspace       used 5001K, committed 5120K, reserved 1114112K
  class space    used 564K, committed 640K, reserved 1048576K
}

Dll operation events (8 events):
Event: 0.016 Loaded shared library C:\Program Files\Java\jdk-19\bin\java.dll
Event: 0.031 Loaded shared library C:\Program Files\Java\jdk-19\bin\jsvml.dll
Event: 0.095 Loaded shared library C:\Program Files\Java\jdk-19\bin\net.dll
Event: 0.100 Loaded shared library C:\Program Files\Java\jdk-19\bin\nio.dll
Event: 0.106 Loaded shared library C:\Program Files\Java\jdk-19\bin\zip.dll
Event: 0.297 Loaded shared library C:\Program Files\Java\jdk-19\bin\jimage.dll
Event: 0.314 Loaded shared library C:\Program Files\NetBeans-17\netbeans\java\maven\lib\jansi-native\Windows\x86_64\jansi.dll
Event: 0.333 Loaded shared library C:\Program Files\Java\jdk-19\bin\verify.dll

Deoptimization events (20 events):
Event: 1.434 Thread 0x000002061fdf1080 Uncommon trap: trap_request=0xffffffde fr.pc=0x000002063101e8d0 relative=0x0000000000000650
Event: 1.434 Thread 0x000002061fdf1080 Uncommon trap: reason=class_check action=maybe_recompile pc=0x000002063101e8d0 method=java.util.regex.Matcher.search(I)Z @ 121 c2
Event: 1.434 Thread 0x000002061fdf1080 DEOPT PACKING pc=0x000002063101e8d0 sp=0x00000074699fdf50
Event: 1.434 Thread 0x000002061fdf1080 DEOPT UNPACKING pc=0x0000020630ab6da3 sp=0x00000074699fdf20 mode 2
Event: 1.516 Thread 0x000002061fdf1080 Uncommon trap: trap_request=0xffffffde fr.pc=0x000002063101e8d0 relative=0x0000000000000650
Event: 1.516 Thread 0x000002061fdf1080 Uncommon trap: reason=class_check action=maybe_recompile pc=0x000002063101e8d0 method=java.util.regex.Matcher.search(I)Z @ 121 c2
Event: 1.516 Thread 0x000002061fdf1080 DEOPT PACKING pc=0x000002063101e8d0 sp=0x00000074699fdf50
Event: 1.516 Thread 0x000002061fdf1080 DEOPT UNPACKING pc=0x0000020630ab6da3 sp=0x00000074699fdf20 mode 2
Event: 1.695 Thread 0x000002061fdf1080 Uncommon trap: trap_request=0xffffffde fr.pc=0x000002063101e8d0 relative=0x0000000000000650
Event: 1.695 Thread 0x000002061fdf1080 Uncommon trap: reason=class_check action=maybe_recompile pc=0x000002063101e8d0 method=java.util.regex.Matcher.search(I)Z @ 121 c2
Event: 1.695 Thread 0x000002061fdf1080 DEOPT PACKING pc=0x000002063101e8d0 sp=0x00000074699fdf50
Event: 1.695 Thread 0x000002061fdf1080 DEOPT UNPACKING pc=0x0000020630ab6da3 sp=0x00000074699fdf20 mode 2
Event: 1.696 Thread 0x000002063f22d040 Uncommon trap: trap_request=0xffffff45 fr.pc=0x0000020631036c78 relative=0x0000000000000158
Event: 1.696 Thread 0x000002063f22d040 Uncommon trap: reason=unstable_if action=reinterpret pc=0x0000020631036c78 method=java.util.concurrent.locks.ReentrantLock$NonfairSync.initialTryLock()Z @ 25 c2
Event: 1.696 Thread 0x000002063f22d040 DEOPT PACKING pc=0x0000020631036c78 sp=0x000000746a0ff130
Event: 1.696 Thread 0x000002063f22d040 DEOPT UNPACKING pc=0x0000020630ab6da3 sp=0x000000746a0ff0d0 mode 2
Event: 1.948 Thread 0x000002061fdf1080 DEOPT PACKING pc=0x000002062974b4e1 sp=0x00000074699fdf80
Event: 1.948 Thread 0x000002061fdf1080 DEOPT UNPACKING pc=0x0000020630ab7543 sp=0x00000074699fd3d8 mode 0
Event: 2.044 Thread 0x000002061fdf1080 DEOPT PACKING pc=0x000002062973ce93 sp=0x00000074699fe050
Event: 2.044 Thread 0x000002061fdf1080 DEOPT UNPACKING pc=0x0000020630ab7543 sp=0x00000074699fd4c0 mode 0

Classes loaded (20 events):
Event: 1.517 Loading class java/lang/foreign/MemorySegment
Event: 1.518 Loading class java/lang/foreign/Addressable
Event: 1.518 Loading class java/lang/foreign/Addressable done
Event: 1.518 Loading class java/lang/foreign/MemorySegment done
Event: 1.695 Loading class java/util/concurrent/locks/AbstractQueuedSynchronizer$ExclusiveNode
Event: 1.695 Loading class java/util/concurrent/locks/AbstractQueuedSynchronizer$ExclusiveNode done
Event: 1.702 Loading class sun/reflect/generics/reflectiveObjects/TypeVariableImpl
Event: 1.702 Loading class sun/reflect/generics/reflectiveObjects/LazyReflectiveObjectGenerator
Event: 1.703 Loading class sun/reflect/generics/reflectiveObjects/LazyReflectiveObjectGenerator done
Event: 1.703 Loading class sun/reflect/generics/reflectiveObjects/TypeVariableImpl done
Event: 1.703 Loading class sun/reflect/generics/reflectiveObjects/ParameterizedTypeImpl
Event: 1.703 Loading class sun/reflect/generics/reflectiveObjects/ParameterizedTypeImpl done
Event: 1.703 Loading class sun/reflect/misc/ReflectUtil
Event: 1.704 Loading class sun/reflect/misc/ReflectUtil done
Event: 1.880 Loading class jdk/internal/foreign/MemorySessionImpl
Event: 1.880 Loading class java/lang/foreign/MemorySession
Event: 1.881 Loading class java/lang/foreign/SegmentAllocator
Event: 1.881 Loading class java/lang/foreign/SegmentAllocator done
Event: 1.881 Loading class java/lang/foreign/MemorySession done
Event: 1.881 Loading class jdk/internal/foreign/MemorySessionImpl done

Classes unloaded (0 events):
No events

Classes redefined (0 events):
No events

Internal exceptions (12 events):
Event: 0.271 Thread 0x000002061fdf1080 Exception <a 'java/lang/NoSuchMethodError'{0x00000000a78a3dc0}: 'java.lang.Object java.lang.invoke.Invokers$Holder.invokeExact_MT(java.lang.Object, java.lang.Object, java.lang.Object, java.lang.Object, java.lang.Object)'> (0x00000000a78a3dc0) 
thrown [s\open\src\hotspot\share\interpreter\linkResolver.cpp, line 774]
Event: 0.290 Thread 0x000002061fdf1080 Exception <a 'java/lang/NullPointerException'{0x00000000a78fa608}> (0x00000000a78fa608) 
thrown [s\open\src\hotspot\share\interpreter\linkResolver.cpp, line 1374]
Event: 0.316 Thread 0x000002061fdf1080 Exception <a 'java/lang/NullPointerException'{0x00000000a77295d0}> (0x00000000a77295d0) 
thrown [s\open\src\hotspot\share\interpreter\linkResolver.cpp, line 1374]
Event: 0.316 Thread 0x000002061fdf1080 Exception <a 'java/lang/NullPointerException'{0x00000000a77298b0}> (0x00000000a77298b0) 
thrown [s\open\src\hotspot\share\interpreter\linkResolver.cpp, line 1374]
Event: 0.317 Thread 0x000002061fdf1080 Exception <a 'java/lang/NullPointerException'{0x00000000a7729b90}> (0x00000000a7729b90) 
thrown [s\open\src\hotspot\share\interpreter\linkResolver.cpp, line 1374]
Event: 0.318 Thread 0x000002061fdf1080 Exception <a 'java/lang/NullPointerException'{0x00000000a772e998}> (0x00000000a772e998) 
thrown [s\open\src\hotspot\share\interpreter\linkResolver.cpp, line 1374]
Event: 0.321 Thread 0x000002061fdf1080 Exception <a 'java/lang/NullPointerException'{0x00000000a77413f8}> (0x00000000a77413f8) 
thrown [s\open\src\hotspot\share\interpreter\linkResolver.cpp, line 1374]
Event: 0.321 Thread 0x000002061fdf1080 Exception <a 'java/lang/NullPointerException'{0x00000000a77416d8}> (0x00000000a77416d8) 
thrown [s\open\src\hotspot\share\interpreter\linkResolver.cpp, line 1374]
Event: 0.321 Thread 0x000002061fdf1080 Exception <a 'java/lang/NullPointerException'{0x00000000a77419b8}> (0x00000000a77419b8) 
thrown [s\open\src\hotspot\share\interpreter\linkResolver.cpp, line 1374]
Event: 0.321 Thread 0x000002061fdf1080 Exception <a 'java/lang/NullPointerException'{0x00000000a7741c98}> (0x00000000a7741c98) 
thrown [s\open\src\hotspot\share\interpreter\linkResolver.cpp, line 1374]
Event: 1.254 Thread 0x000002061fdf1080 Exception <a 'java/lang/NoSuchMethodError'{0x00000000a6edc940}: 'java.lang.Object java.lang.invoke.DirectMethodHandle$Holder.newInvokeSpecial(java.lang.Object, java.lang.Object, java.lang.Object, java.lang.Object, java.lang.Object)'> (0x00000000a6edc940) 
thrown [s\open\src\hotspot\share\interpreter\linkResolver.cpp, line 774]
Event: 1.393 Thread 0x000002061fdf1080 Exception <a 'java/lang/NoClassDefFoundError'{0x00000000a6c2c780}: javax/enterprise/inject/Typed> (0x00000000a6c2c780) 
thrown [s\open\src\hotspot\share\classfile\systemDictionary.cpp, line 244]

VM Operations (14 events):
Event: 0.108 Executing VM operation: HandshakeAllThreads
Event: 0.108 Executing VM operation: HandshakeAllThreads done
Event: 0.288 Executing VM operation: HandshakeAllThreads
Event: 0.288 Executing VM operation: HandshakeAllThreads done
Event: 0.302 Executing VM operation: HandshakeAllThreads
Event: 0.302 Executing VM operation: HandshakeAllThreads done
Event: 0.497 Executing VM operation: HandshakeAllThreads
Event: 0.497 Executing VM operation: HandshakeAllThreads done
Event: 1.443 Executing VM operation: ICBufferFull
Event: 1.444 Executing VM operation: ICBufferFull done
Event: 1.684 Executing VM operation: G1CollectForAllocation
Event: 1.695 Executing VM operation: G1CollectForAllocation done
Event: 1.695 Executing VM operation: HandshakeAllThreads
Event: 1.695 Executing VM operation: HandshakeAllThreads done

Events (14 events):
Event: 0.031 Thread 0x000002061fdf1080 Thread added: 0x000002061fdf1080
Event: 0.051 Thread 0x000002063f22d040 Thread added: 0x000002063f22d040
Event: 0.051 Thread 0x000002063f22db70 Thread added: 0x000002063f22db70
Event: 0.052 Thread 0x000002063f230870 Thread added: 0x000002063f230870
Event: 0.052 Thread 0x000002063f2313a0 Thread added: 0x000002063f2313a0
Event: 0.052 Thread 0x000002063f234480 Thread added: 0x000002063f234480
Event: 0.052 Thread 0x000002063f23aa60 Thread added: 0x000002063f23aa60
Event: 0.052 Thread 0x000002063f23fe80 Thread added: 0x000002063f23fe80
Event: 0.052 Thread 0x000002063f242bb0 Thread added: 0x000002063f242bb0
Event: 0.053 Thread 0x000002063f24d8d0 Thread added: 0x000002063f24d8d0
Event: 0.081 Thread 0x00000206434c6320 Thread added: 0x00000206434c6320
Event: 0.087 Thread 0x00000206434c74e0 Thread added: 0x00000206434c74e0
Event: 0.459 Thread 0x00000206437ca700 Thread added: 0x00000206437ca700
Event: 1.086 Thread 0x00000206437ca700 Thread exited: 0x00000206437ca700


Dynamic libraries:
0x00007ff753ed0000 - 0x00007ff753ee0000 	C:\Program Files\Java\jdk-19\bin\java.exe
0x00007ffee3e90000 - 0x00007ffee40a4000 	C:\WINDOWS\SYSTEM32\ntdll.dll
0x00007ffee2550000 - 0x00007ffee2612000 	C:\WINDOWS\System32\KERNEL32.DLL
0x00007ffee17b0000 - 0x00007ffee1b53000 	C:\WINDOWS\System32\KERNELBASE.dll
0x00007ffee1450000 - 0x00007ffee1561000 	C:\WINDOWS\System32\ucrtbase.dll
0x00007ffed39c0000 - 0x00007ffed39d8000 	C:\Program Files\Java\jdk-19\bin\jli.dll
0x00007ffec1b80000 - 0x00007ffec1b9b000 	C:\Program Files\Java\jdk-19\bin\VCRUNTIME140.dll
0x00007ffee2c90000 - 0x00007ffee2d3e000 	C:\WINDOWS\System32\ADVAPI32.dll
0x00007ffee1e30000 - 0x00007ffee1ed7000 	C:\WINDOWS\System32\msvcrt.dll
0x00007ffee2440000 - 0x00007ffee24e4000 	C:\WINDOWS\System32\sechost.dll
0x00007ffee2b70000 - 0x00007ffee2c87000 	C:\WINDOWS\System32\RPCRT4.dll
0x00007ffee3a30000 - 0x00007ffee3bdb000 	C:\WINDOWS\System32\USER32.dll
0x00007ffee1780000 - 0x00007ffee17a6000 	C:\WINDOWS\System32\win32u.dll
0x00007ffed0460000 - 0x00007ffed06ee000 	C:\WINDOWS\WinSxS\amd64_microsoft.windows.common-controls_6595b64144ccf1df_6.0.22621.1635_none_270f70857386168e\COMCTL32.dll
0x00007ffee2a30000 - 0x00007ffee2a59000 	C:\WINDOWS\System32\GDI32.dll
0x00007ffee12b0000 - 0x00007ffee13c8000 	C:\WINDOWS\System32\gdi32full.dll
0x00007ffee16e0000 - 0x00007ffee177a000 	C:\WINDOWS\System32\msvcp_win.dll
0x00007ffed9f60000 - 0x00007ffed9f6a000 	C:\WINDOWS\SYSTEM32\VERSION.dll
0x00007ffee3e00000 - 0x00007ffee3e31000 	C:\WINDOWS\System32\IMM32.DLL
0x00007ffed3b10000 - 0x00007ffed3b1c000 	C:\Program Files\Java\jdk-19\bin\vcruntime140_1.dll
0x00007ffe97f50000 - 0x00007ffe97fde000 	C:\Program Files\Java\jdk-19\bin\msvcp140.dll
0x00007ffe809f0000 - 0x00007ffe816b0000 	C:\Program Files\Java\jdk-19\bin\server\jvm.dll
0x00007ffed3e00000 - 0x00007ffed3e09000 	C:\WINDOWS\SYSTEM32\WSOCK32.dll
0x00007ffed9890000 - 0x00007ffed98c4000 	C:\WINDOWS\SYSTEM32\WINMM.dll
0x00007ffee1c90000 - 0x00007ffee1d01000 	C:\WINDOWS\System32\WS2_32.dll
0x00007ffee0300000 - 0x00007ffee0318000 	C:\WINDOWS\SYSTEM32\kernel.appcore.dll
0x00007ffed38f0000 - 0x00007ffed38fa000 	C:\Program Files\Java\jdk-19\bin\jimage.dll
0x00007ffed4d40000 - 0x00007ffed4f6e000 	C:\WINDOWS\SYSTEM32\DBGHELP.DLL
0x00007ffee3540000 - 0x00007ffee38c9000 	C:\WINDOWS\System32\combase.dll
0x00007ffee38d0000 - 0x00007ffee39a7000 	C:\WINDOWS\System32\OLEAUT32.dll
0x00007ffea2ac0000 - 0x00007ffea2af2000 	C:\WINDOWS\SYSTEM32\dbgcore.DLL
0x00007ffee13d0000 - 0x00007ffee144b000 	C:\WINDOWS\System32\bcryptPrimitives.dll
0x00007ffec19c0000 - 0x00007ffec19e6000 	C:\Program Files\Java\jdk-19\bin\java.dll
0x00007ffe9b300000 - 0x00007ffe9b3d7000 	C:\Program Files\Java\jdk-19\bin\jsvml.dll
0x00007ffee2d40000 - 0x00007ffee353a000 	C:\WINDOWS\System32\SHELL32.dll
0x00007ffedf2b0000 - 0x00007ffedfb7e000 	C:\WINDOWS\SYSTEM32\windows.storage.dll
0x00007ffedf170000 - 0x00007ffedf2ae000 	C:\WINDOWS\SYSTEM32\wintypes.dll
0x00007ffee3c00000 - 0x00007ffee3cf1000 	C:\WINDOWS\System32\SHCORE.dll
0x00007ffee2830000 - 0x00007ffee288e000 	C:\WINDOWS\System32\shlwapi.dll
0x00007ffee11e0000 - 0x00007ffee1201000 	C:\WINDOWS\SYSTEM32\profapi.dll
0x00007ffec1970000 - 0x00007ffec1983000 	C:\Program Files\Java\jdk-19\bin\net.dll
0x00007ffed8ba0000 - 0x00007ffed8cd7000 	C:\WINDOWS\SYSTEM32\WINHTTP.dll
0x00007ffee0770000 - 0x00007ffee07d9000 	C:\WINDOWS\system32\mswsock.dll
0x00007ffebee60000 - 0x00007ffebee76000 	C:\Program Files\Java\jdk-19\bin\nio.dll
0x00007ffeb6d70000 - 0x00007ffeb6d88000 	C:\Program Files\Java\jdk-19\bin\zip.dll
0x0000000069ac0000 - 0x0000000069ae4000 	C:\Program Files\NetBeans-17\netbeans\java\maven\lib\jansi-native\Windows\x86_64\jansi.dll
0x00007ffed3680000 - 0x00007ffed3690000 	C:\Program Files\Java\jdk-19\bin\verify.dll

dbghelp: loaded successfully - version: 4.0.5 - missing functions: none
symbol engine: initialized successfully - sym options: 0x614 - pdb path: .;C:\Program Files\Java\jdk-19\bin;C:\WINDOWS\SYSTEM32;C:\WINDOWS\WinSxS\amd64_microsoft.windows.common-controls_6595b64144ccf1df_6.0.22621.1635_none_270f70857386168e;C:\Program Files\Java\jdk-19\bin\server;C:\Program Files\NetBeans-17\netbeans\java\maven\lib\jansi-native\Windows\x86_64

VM Arguments:
jvm_args: -Dclassworlds.conf=C:\Program Files\NetBeans-17\netbeans\java\maven\bin\m2.conf -Dmaven.home=C:\Program Files\NetBeans-17\netbeans\java\maven -Dlibrary.jansi.path=C:\Program Files\NetBeans-17\netbeans\java\maven\lib\jansi-native -Dmaven.multiModuleProjectDirectory=C:\Users\PC\Downloads\NhaDatManager 
java_command: org.codehaus.plexus.classworlds.launcher.Launcher -Dexec.vmArgs= -Dexec.args=${exec.vmArgs} -classpath %classpath ${exec.mainClass} ${exec.appArgs} -Dexec.executable=C:\Program Files\Java\jdk-19\bin\java.exe -Dexec.mainClass=qlnhaaadattt.UsersManagement -Dexec.classpathScope=runtime -Dexec.appArgs= -Dmaven.ext.class.path=C:\Program Files\NetBeans-17\netbeans\java\maven-nblib\netbeans-eventspy.jar --no-transfer-progress org.codehaus.mojo:exec-maven-plugin:3.1.0:exec
java_class_path (initial): C:\Program Files\NetBeans-17\netbeans\java\maven\boot\plexus-classworlds-2.6.0.jar
Launcher Type: SUN_STANDARD

[Global flags]
     intx CICompilerCount                          = 4                                         {product} {ergonomic}
     uint ConcGCThreads                            = 2                                         {product} {ergonomic}
     uint G1ConcRefinementThreads                  = 8                                         {product} {ergonomic}
   size_t G1HeapRegionSize                         = 1048576                                   {product} {ergonomic}
    uintx GCDrainStackTargetSize                   = 64                                        {product} {ergonomic}
   size_t InitialHeapSize                          = 100663296                                 {product} {ergonomic}
   size_t MarkStackSize                            = 4194304                                   {product} {ergonomic}
   size_t MaxHeapSize                              = 1581252608                                {product} {ergonomic}
   size_t MaxNewSize                               = 947912704                                 {product} {ergonomic}
   size_t MinHeapDeltaBytes                        = 1048576                                   {product} {ergonomic}
   size_t MinHeapSize                              = 8388608                                   {product} {ergonomic}
    uintx NonNMethodCodeHeapSize                   = 5839372                                {pd product} {ergonomic}
    uintx NonProfiledCodeHeapSize                  = 122909434                              {pd product} {ergonomic}
    uintx ProfiledCodeHeapSize                     = 122909434                              {pd product} {ergonomic}
    uintx ReservedCodeCacheSize                    = 251658240                              {pd product} {ergonomic}
     bool SegmentedCodeCache                       = true                                      {product} {ergonomic}
   size_t SoftMaxHeapSize                          = 1581252608                             {manageable} {ergonomic}
     bool UseCompressedClassPointers               = true                           {product lp64_product} {ergonomic}
     bool UseCompressedOops                        = true                           {product lp64_product} {ergonomic}
     bool UseG1GC                                  = true                                      {product} {ergonomic}
     bool UseLargePagesIndividualAllocation        = false                                  {pd product} {ergonomic}

Logging:
Log output configuration:
 #0: stdout all=warning uptime,level,tags foldmultilines=false
 #1: stderr all=off uptime,level,tags foldmultilines=false

Environment Variables:
JAVA_HOME=C:\Program Files\Java\jdk-19
PATH=C:\Program Files\Microsoft\jdk-11.0.12.7-hotspot\bin;C:\Program Files\Eclipse Foundation\jdk-8.0.302.8-hotspot\bin;C:\Program Files\Common Files\Oracle\Java\javapath;C:\Program Files (x86)\Common Files\Oracle\Java\javapath;C:\Program Files\Python39\Scripts\;C:\Program Files\Python39\;C:\WINDOWS\system32;C:\WINDOWS;C:\WINDOWS\System32\Wbem;C:\WINDOWS\System32\WindowsPowerShell\v1.0\;C:\WINDOWS\System32\OpenSSH\;C:\Program Files\Microsoft SQL Server\Client SDK\ODBC\170\Tools\Binn\;C:\Program Files (x86)\Microsoft SQL Server\150\Tools\Binn\;C:\Program Files\Microsoft SQL Server\150\Tools\Binn\;C:\Program Files\Microsoft SQL Server\150\DTS\Binn\;C:\Program Files\Azure Data Studio\bin;C:\Program Files\Microsoft SQL Server\Client SDK\ODBC\130\Tools\Binn\;C:\Program Files (x86)\Microsoft SQL Server\140\Tools\Binn\;C:\Program Files\Microsoft SQL Server\140\Tools\Binn\;C:\Program Files\Microsoft SQL Server\140\DTS\Binn\;C:\Program Files (x86)\Microsoft SQL Server\150\DTS\Binn\;C:\Program Files (x86)\Rational\common;C:\Program Files\dotnet\;C:\Program Files\Microsoft SQL Server\130\Tools\Binn\;C:\Program Files\Git\cmd;C:\WINDOWS\system32;C:\WINDOWS;C:\WINDOWS\System32\Wbem;C:\WINDOWS\System32\WindowsPowerShell\v1.0\;C:\WINDOWS\System32\OpenSSH\;%NVM_HOME%;%NVM_SYMLINK%;C:\Users\PC\AppData\Local\Microsoft\WindowsApps;C:\Program Files (x86)\Dev-Cpp\MinGW64\bin;C:\Users\PC\AppData\Local\Programs\Microsoft VS Code\bin;C:\Program Files\Azure Data Studio\bin;C:\Users\PC\AppData\Local\GitHubDesktop\bin;C:\Users\PC\AppData\Roaming\npm;C:\Users\PC\.dotnet\tools;C:\Program Files\JetBrains\IntelliJ IDEA Community Edition 2022.2.2\bin;;C:\Users\PC\AppData\Roaming\nvm;C:\Program Files\nodejs
USERNAME=PC
OS=Windows_NT
PROCESSOR_IDENTIFIER=AMD64 Family 23 Model 24 Stepping 1, AuthenticAMD
TMP=C:\Users\PC\AppData\Local\Temp
TEMP=C:\Users\PC\AppData\Local\Temp



---------------  S Y S T E M  ---------------

OS:
 Windows 11 , 64 bit Build 22621 (10.0.22621.1635)
OS uptime: 4 days 16:36 hours

CPU: total 8 (initial active 8) (8 cores per cpu, 2 threads per core) family 23 model 24 stepping 1 microcode 0x0, cx8, cmov, fxsr, ht, mmx, 3dnowpref, sse, sse2, sse3, ssse3, sse4a, sse4.1, sse4.2, popcnt, lzcnt, tsc, tscinvbit, avx, avx2, aes, clmul, bmi1, bmi2, adx, sha, fma, vzeroupper, clflush, clflushopt, rdtscp

Memory: 4k page, system-wide physical 6030M (341M free)
TotalPageFile size 19651M (AvailPageFile size 0M)
current process WorkingSet (physical memory assigned to process): 80M, peak: 80M
current process commit charge ("private bytes"): 194M, peak: 195M

vm_info: Java HotSpot(TM) 64-Bit Server VM (19.0.2+7-44) for windows-amd64 JRE (19.0.2+7-44), built on 2022-11-30T18:02:09Z by "mach5one" with MS VC++ 17.1 (VS2022)

END.
