#
# There is insufficient memory for the Java Runtime Environment to continue.
# Native memory allocation (malloc) failed to allocate 243072 bytes for Chunk::new
# Possible reasons:
#   The system is out of physical RAM or swap space
#   The process is running with CompressedOops enabled, and the Java Heap may be blocking the growth of the native heap
# Possible solutions:
#   Reduce memory load on the system
#   Increase physical memory or swap space
#   Check if swap backing store is full
#   Decrease Java heap size (-Xmx/-Xms)
#   Decrease number of Java threads
#   Decrease Java thread stack sizes (-Xss)
#   Set larger code cache with -XX:ReservedCodeCacheSize=
#   JVM is running with Unscaled Compressed Oops mode in which the Java heap is
#     placed in the first 4GB address space. The Java Heap base address is the
#     maximum limit for the native heap growth. Please use -XX:HeapBaseMinAddress
#     to set the Java Heap base and to place the Java Heap above 4GB virtual address.
# This output file may be truncated or incomplete.
#
#  Out of Memory Error (arena.cpp:184), pid=34208, tid=27728
#
# JRE version: Java(TM) SE Runtime Environment (19.0.2+7) (build 19.0.2+7-44)
# Java VM: Java HotSpot(TM) 64-Bit Server VM (19.0.2+7-44, mixed mode, sharing, tiered, compressed oops, compressed class ptrs, g1 gc, windows-amd64)
# No core dump will be written. Minidumps are not enabled by default on client versions of Windows
#

---------------  S U M M A R Y ------------

Command Line: qlnhaaadattt.UsersManagement

Host: AMD Ryzen 7 3700U with Radeon Vega Mobile Gfx  , 8 cores, 5G,  Windows 11 , 64 bit Build 22621 (10.0.22621.1635)
Time: Mon Jun  5 01:56:27 2023 SE Asia Standard Time elapsed time: 2.180161 seconds (0d 0h 0m 2s)

---------------  T H R E A D  ---------------

Current thread (0x0000024365932ca0):  JavaThread "C2 CompilerThread0" daemon [_thread_in_native, id=27728, stack(0x0000007352d00000,0x0000007352e00000)]


Current CompileTask:
C2:   2180 1624 %     4       sun.java2d.marlin.MarlinCache::copyAARowRLE_WithBlockFlags @ 269 (733 bytes)

Stack: [0x0000007352d00000,0x0000007352e00000]
Native frames: (J=compiled Java code, j=interpreted, Vv=VM code, C=native code)
V  [jvm.dll+0x6ee21a]
V  [jvm.dll+0x85765e]
V  [jvm.dll+0x85904e]
V  [jvm.dll+0x859703]
V  [jvm.dll+0x28298f]
V  [jvm.dll+0xc9adf]
V  [jvm.dll+0xc9e65]
V  [jvm.dll+0x3bca4c]
V  [jvm.dll+0x3860e1]
V  [jvm.dll+0x38555a]
V  [jvm.dll+0x24c3d9]
V  [jvm.dll+0x24b781]
V  [jvm.dll+0x1d6ce1]
V  [jvm.dll+0x25b25a]
V  [jvm.dll+0x2596e8]
V  [jvm.dll+0x807588]
V  [jvm.dll+0x80125a]
V  [jvm.dll+0x6ecf0b]
C  [ucrtbase.dll+0x29363]
C  [KERNEL32.DLL+0x126ad]
C  [ntdll.dll+0x5a9f8]


---------------  P R O C E S S  ---------------

Threads class SMR info:
_java_thread_list=0x000002436fe1e450, length=18, elements={
0x0000024365918970, 0x0000024365919640, 0x000002436591f5d0, 0x0000024365921f10,
0x0000024365926e00, 0x0000024365928070, 0x0000024365932ca0, 0x0000024365933f50,
0x000002436593f840, 0x0000024369cbe6f0, 0x0000024369cbb720, 0x0000024369cbbc70,
0x0000024369cbc1c0, 0x0000024369cbc710, 0x0000024369cbe1a0, 0x0000024369cbcc60,
0x0000024369cbb1d0, 0x000002436b0e4ae0
}

Java Threads: ( => current thread )
  0x0000024365918970 JavaThread "Reference Handler" daemon [_thread_blocked, id=20900, stack(0x0000007352700000,0x0000007352800000)]
  0x0000024365919640 JavaThread "Finalizer" daemon [_thread_blocked, id=3456, stack(0x0000007352800000,0x0000007352900000)]
  0x000002436591f5d0 JavaThread "Signal Dispatcher" daemon [_thread_blocked, id=15572, stack(0x0000007352900000,0x0000007352a00000)]
  0x0000024365921f10 JavaThread "Attach Listener" daemon [_thread_blocked, id=13628, stack(0x0000007352a00000,0x0000007352b00000)]
  0x0000024365926e00 JavaThread "Service Thread" daemon [_thread_blocked, id=29852, stack(0x0000007352b00000,0x0000007352c00000)]
  0x0000024365928070 JavaThread "Monitor Deflation Thread" daemon [_thread_blocked, id=4320, stack(0x0000007352c00000,0x0000007352d00000)]
=>0x0000024365932ca0 JavaThread "C2 CompilerThread0" daemon [_thread_in_native, id=27728, stack(0x0000007352d00000,0x0000007352e00000)]
  0x0000024365933f50 JavaThread "C1 CompilerThread0" daemon [_thread_blocked, id=20216, stack(0x0000007352e00000,0x0000007352f00000)]
  0x000002436593f840 JavaThread "Sweeper thread" daemon [_thread_blocked, id=18600, stack(0x0000007352f00000,0x0000007353000000)]
  0x0000024369cbe6f0 JavaThread "Notification Thread" daemon [_thread_blocked, id=17496, stack(0x0000007353000000,0x0000007353100000)]
  0x0000024369cbb720 JavaThread "Common-Cleaner" daemon [_thread_blocked, id=30444, stack(0x0000007353200000,0x0000007353300000)]
  0x0000024369cbbc70 JavaThread "Java2D Disposer" daemon [_thread_blocked, id=31308, stack(0x0000007353300000,0x0000007353400000)]
  0x0000024369cbc1c0 JavaThread "AWT-Shutdown" [_thread_blocked, id=10984, stack(0x0000007353400000,0x0000007353500000)]
  0x0000024369cbc710 JavaThread "AWT-Windows" daemon [_thread_in_native, id=32088, stack(0x0000007353500000,0x0000007353600000)]
  0x0000024369cbe1a0 JavaThread "AWT-EventQueue-0" [_thread_blocked, id=1544, stack(0x0000007353600000,0x0000007353700000)]
  0x0000024369cbcc60 JavaThread "DestroyJavaVM" [_thread_blocked, id=31228, stack(0x0000007352000000,0x0000007352100000)]
  0x0000024369cbb1d0 JavaThread "mysql-cj-abandoned-connection-cleanup" daemon [_thread_blocked, id=25032, stack(0x0000007354000000,0x0000007354100000)]
  0x000002436b0e4ae0 JavaThread "D3D Screen Updater" daemon [_thread_in_native, id=19788, stack(0x0000007354100000,0x0000007354200000)]

Other Threads:
  0x00000243658ffae0 VMThread "VM Thread" [stack: 0x0000007352600000,0x0000007352700000] [id=20572]
  0x0000024369ccb5e0 WatcherThread "VM Periodic Task Thread" [stack: 0x0000007353100000,0x0000007353200000] [id=11528]
  0x00000243484bf660 WorkerThread "GC Thread#0" [stack: 0x0000007352100000,0x0000007352200000] [id=34352]
  0x00000243484cc540 ConcurrentGCThread "G1 Main Marker" [stack: 0x0000007352200000,0x0000007352300000] [id=7120]
  0x00000243484cdf80 WorkerThread "G1 Conc#0" [stack: 0x0000007352300000,0x0000007352400000] [id=16900]
  0x0000024348527460 ConcurrentGCThread "G1 Refine#0" [stack: 0x0000007352400000,0x0000007352500000] [id=11148]
  0x00000243657c23b0 ConcurrentGCThread "G1 Service" [stack: 0x0000007352500000,0x0000007352600000] [id=2652]

Threads with active compile tasks:
C2 CompilerThread0     2241 1624 %     4       sun.java2d.marlin.MarlinCache::copyAARowRLE_WithBlockFlags @ 269 (733 bytes)

VM state: not at safepoint (normal execution)

VM Mutex/Monitor currently owned by a thread: None

Heap address: 0x00000000a1c00000, size: 1508 MB, Compressed Oops mode: 32-bit

CDS archive(s) mapped at: [0x0000000800000000-0x0000000800c40000-0x0000000800c40000), size 12845056, SharedBaseAddress: 0x0000000800000000, ArchiveRelocationMode: 0.
Compressed class space mapped at: 0x0000000801000000-0x0000000841000000, reserved size: 1073741824
Narrow klass base: 0x0000000800000000, Narrow klass shift: 0, Narrow klass range: 0x100000000

GC Precious Log:
 CardTable entry size: 512
 Card Set container configuration: InlinePtr #cards 5 size 8 Array Of Cards #cards 12 size 40 Howl #buckets 4 coarsen threshold 1843 Howl Bitmap #cards 512 size 80 coarsen threshold 460 Card regions per heap region 1 cards per card region 2048
 CPUs: 8 total, 8 available
 Memory: 6030M
 Large Page Support: Disabled
 NUMA Support: Disabled
 Compressed Oops: Enabled (32-bit)
 Heap Region Size: 1M
 Heap Min Capacity: 8M
 Heap Initial Capacity: 96M
 Heap Max Capacity: 1508M
 Pre-touch: Disabled
 Parallel Workers: 8
 Concurrent Workers: 2
 Concurrent Refinement Workers: 8
 Periodic GC: Disabled

Heap:
 garbage-first heap   total 98304K, used 17408K [0x00000000a1c00000, 0x0000000100000000)
  region size 1024K, 19 young (19456K), 0 survivors (0K)
 Metaspace       used 14853K, committed 15104K, reserved 1114112K
  class space    used 1672K, committed 1792K, reserved 1048576K

Heap Regions: E=young(eden), S=young(survivor), O=old, HS=humongous(starts), HC=humongous(continues), CS=collection set, F=free, OA=open archive, CA=closed archive, TAMS=top-at-mark-start (previous, next)
|   0|0x00000000a1c00000, 0x00000000a1c00000, 0x00000000a1d00000|  0%| F|  |TAMS 0x00000000a1c00000, 0x00000000a1c00000| Untracked 
|   1|0x00000000a1d00000, 0x00000000a1d00000, 0x00000000a1e00000|  0%| F|  |TAMS 0x00000000a1d00000, 0x00000000a1d00000| Untracked 
|   2|0x00000000a1e00000, 0x00000000a1e00000, 0x00000000a1f00000|  0%| F|  |TAMS 0x00000000a1e00000, 0x00000000a1e00000| Untracked 
|   3|0x00000000a1f00000, 0x00000000a1f00000, 0x00000000a2000000|  0%| F|  |TAMS 0x00000000a1f00000, 0x00000000a1f00000| Untracked 
|   4|0x00000000a2000000, 0x00000000a2000000, 0x00000000a2100000|  0%| F|  |TAMS 0x00000000a2000000, 0x00000000a2000000| Untracked 
|   5|0x00000000a2100000, 0x00000000a2100000, 0x00000000a2200000|  0%| F|  |TAMS 0x00000000a2100000, 0x00000000a2100000| Untracked 
|   6|0x00000000a2200000, 0x00000000a2200000, 0x00000000a2300000|  0%| F|  |TAMS 0x00000000a2200000, 0x00000000a2200000| Untracked 
|   7|0x00000000a2300000, 0x00000000a2300000, 0x00000000a2400000|  0%| F|  |TAMS 0x00000000a2300000, 0x00000000a2300000| Untracked 
|   8|0x00000000a2400000, 0x00000000a2400000, 0x00000000a2500000|  0%| F|  |TAMS 0x00000000a2400000, 0x00000000a2400000| Untracked 
|   9|0x00000000a2500000, 0x00000000a2500000, 0x00000000a2600000|  0%| F|  |TAMS 0x00000000a2500000, 0x00000000a2500000| Untracked 
|  10|0x00000000a2600000, 0x00000000a2600000, 0x00000000a2700000|  0%| F|  |TAMS 0x00000000a2600000, 0x00000000a2600000| Untracked 
|  11|0x00000000a2700000, 0x00000000a2700000, 0x00000000a2800000|  0%| F|  |TAMS 0x00000000a2700000, 0x00000000a2700000| Untracked 
|  12|0x00000000a2800000, 0x00000000a2800000, 0x00000000a2900000|  0%| F|  |TAMS 0x00000000a2800000, 0x00000000a2800000| Untracked 
|  13|0x00000000a2900000, 0x00000000a2900000, 0x00000000a2a00000|  0%| F|  |TAMS 0x00000000a2900000, 0x00000000a2900000| Untracked 
|  14|0x00000000a2a00000, 0x00000000a2a00000, 0x00000000a2b00000|  0%| F|  |TAMS 0x00000000a2a00000, 0x00000000a2a00000| Untracked 
|  15|0x00000000a2b00000, 0x00000000a2b00000, 0x00000000a2c00000|  0%| F|  |TAMS 0x00000000a2b00000, 0x00000000a2b00000| Untracked 
|  16|0x00000000a2c00000, 0x00000000a2c00000, 0x00000000a2d00000|  0%| F|  |TAMS 0x00000000a2c00000, 0x00000000a2c00000| Untracked 
|  17|0x00000000a2d00000, 0x00000000a2d00000, 0x00000000a2e00000|  0%| F|  |TAMS 0x00000000a2d00000, 0x00000000a2d00000| Untracked 
|  18|0x00000000a2e00000, 0x00000000a2e00000, 0x00000000a2f00000|  0%| F|  |TAMS 0x00000000a2e00000, 0x00000000a2e00000| Untracked 
|  19|0x00000000a2f00000, 0x00000000a2f00000, 0x00000000a3000000|  0%| F|  |TAMS 0x00000000a2f00000, 0x00000000a2f00000| Untracked 
|  20|0x00000000a3000000, 0x00000000a3000000, 0x00000000a3100000|  0%| F|  |TAMS 0x00000000a3000000, 0x00000000a3000000| Untracked 
|  21|0x00000000a3100000, 0x00000000a3100000, 0x00000000a3200000|  0%| F|  |TAMS 0x00000000a3100000, 0x00000000a3100000| Untracked 
|  22|0x00000000a3200000, 0x00000000a3200000, 0x00000000a3300000|  0%| F|  |TAMS 0x00000000a3200000, 0x00000000a3200000| Untracked 
|  23|0x00000000a3300000, 0x00000000a3300000, 0x00000000a3400000|  0%| F|  |TAMS 0x00000000a3300000, 0x00000000a3300000| Untracked 
|  24|0x00000000a3400000, 0x00000000a3400000, 0x00000000a3500000|  0%| F|  |TAMS 0x00000000a3400000, 0x00000000a3400000| Untracked 
|  25|0x00000000a3500000, 0x00000000a3500000, 0x00000000a3600000|  0%| F|  |TAMS 0x00000000a3500000, 0x00000000a3500000| Untracked 
|  26|0x00000000a3600000, 0x00000000a3600000, 0x00000000a3700000|  0%| F|  |TAMS 0x00000000a3600000, 0x00000000a3600000| Untracked 
|  27|0x00000000a3700000, 0x00000000a3700000, 0x00000000a3800000|  0%| F|  |TAMS 0x00000000a3700000, 0x00000000a3700000| Untracked 
|  28|0x00000000a3800000, 0x00000000a3800000, 0x00000000a3900000|  0%| F|  |TAMS 0x00000000a3800000, 0x00000000a3800000| Untracked 
|  29|0x00000000a3900000, 0x00000000a3900000, 0x00000000a3a00000|  0%| F|  |TAMS 0x00000000a3900000, 0x00000000a3900000| Untracked 
|  30|0x00000000a3a00000, 0x00000000a3a00000, 0x00000000a3b00000|  0%| F|  |TAMS 0x00000000a3a00000, 0x00000000a3a00000| Untracked 
|  31|0x00000000a3b00000, 0x00000000a3b00000, 0x00000000a3c00000|  0%| F|  |TAMS 0x00000000a3b00000, 0x00000000a3b00000| Untracked 
|  32|0x00000000a3c00000, 0x00000000a3c00000, 0x00000000a3d00000|  0%| F|  |TAMS 0x00000000a3c00000, 0x00000000a3c00000| Untracked 
|  33|0x00000000a3d00000, 0x00000000a3d00000, 0x00000000a3e00000|  0%| F|  |TAMS 0x00000000a3d00000, 0x00000000a3d00000| Untracked 
|  34|0x00000000a3e00000, 0x00000000a3e00000, 0x00000000a3f00000|  0%| F|  |TAMS 0x00000000a3e00000, 0x00000000a3e00000| Untracked 
|  35|0x00000000a3f00000, 0x00000000a3f00000, 0x00000000a4000000|  0%| F|  |TAMS 0x00000000a3f00000, 0x00000000a3f00000| Untracked 
|  36|0x00000000a4000000, 0x00000000a4000000, 0x00000000a4100000|  0%| F|  |TAMS 0x00000000a4000000, 0x00000000a4000000| Untracked 
|  37|0x00000000a4100000, 0x00000000a4100000, 0x00000000a4200000|  0%| F|  |TAMS 0x00000000a4100000, 0x00000000a4100000| Untracked 
|  38|0x00000000a4200000, 0x00000000a4200000, 0x00000000a4300000|  0%| F|  |TAMS 0x00000000a4200000, 0x00000000a4200000| Untracked 
|  39|0x00000000a4300000, 0x00000000a4300000, 0x00000000a4400000|  0%| F|  |TAMS 0x00000000a4300000, 0x00000000a4300000| Untracked 
|  40|0x00000000a4400000, 0x00000000a4400000, 0x00000000a4500000|  0%| F|  |TAMS 0x00000000a4400000, 0x00000000a4400000| Untracked 
|  41|0x00000000a4500000, 0x00000000a4500000, 0x00000000a4600000|  0%| F|  |TAMS 0x00000000a4500000, 0x00000000a4500000| Untracked 
|  42|0x00000000a4600000, 0x00000000a4600000, 0x00000000a4700000|  0%| F|  |TAMS 0x00000000a4600000, 0x00000000a4600000| Untracked 
|  43|0x00000000a4700000, 0x00000000a4700000, 0x00000000a4800000|  0%| F|  |TAMS 0x00000000a4700000, 0x00000000a4700000| Untracked 
|  44|0x00000000a4800000, 0x00000000a4800000, 0x00000000a4900000|  0%| F|  |TAMS 0x00000000a4800000, 0x00000000a4800000| Untracked 
|  45|0x00000000a4900000, 0x00000000a4900000, 0x00000000a4a00000|  0%| F|  |TAMS 0x00000000a4900000, 0x00000000a4900000| Untracked 
|  46|0x00000000a4a00000, 0x00000000a4a00000, 0x00000000a4b00000|  0%| F|  |TAMS 0x00000000a4a00000, 0x00000000a4a00000| Untracked 
|  47|0x00000000a4b00000, 0x00000000a4b00000, 0x00000000a4c00000|  0%| F|  |TAMS 0x00000000a4b00000, 0x00000000a4b00000| Untracked 
|  48|0x00000000a4c00000, 0x00000000a4c00000, 0x00000000a4d00000|  0%| F|  |TAMS 0x00000000a4c00000, 0x00000000a4c00000| Untracked 
|  49|0x00000000a4d00000, 0x00000000a4d00000, 0x00000000a4e00000|  0%| F|  |TAMS 0x00000000a4d00000, 0x00000000a4d00000| Untracked 
|  50|0x00000000a4e00000, 0x00000000a4e00000, 0x00000000a4f00000|  0%| F|  |TAMS 0x00000000a4e00000, 0x00000000a4e00000| Untracked 
|  51|0x00000000a4f00000, 0x00000000a4f00000, 0x00000000a5000000|  0%| F|  |TAMS 0x00000000a4f00000, 0x00000000a4f00000| Untracked 
|  52|0x00000000a5000000, 0x00000000a5000000, 0x00000000a5100000|  0%| F|  |TAMS 0x00000000a5000000, 0x00000000a5000000| Untracked 
|  53|0x00000000a5100000, 0x00000000a5100000, 0x00000000a5200000|  0%| F|  |TAMS 0x00000000a5100000, 0x00000000a5100000| Untracked 
|  54|0x00000000a5200000, 0x00000000a5200000, 0x00000000a5300000|  0%| F|  |TAMS 0x00000000a5200000, 0x00000000a5200000| Untracked 
|  55|0x00000000a5300000, 0x00000000a5300000, 0x00000000a5400000|  0%| F|  |TAMS 0x00000000a5300000, 0x00000000a5300000| Untracked 
|  56|0x00000000a5400000, 0x00000000a5400000, 0x00000000a5500000|  0%| F|  |TAMS 0x00000000a5400000, 0x00000000a5400000| Untracked 
|  57|0x00000000a5500000, 0x00000000a5500000, 0x00000000a5600000|  0%| F|  |TAMS 0x00000000a5500000, 0x00000000a5500000| Untracked 
|  58|0x00000000a5600000, 0x00000000a5600000, 0x00000000a5700000|  0%| F|  |TAMS 0x00000000a5600000, 0x00000000a5600000| Untracked 
|  59|0x00000000a5700000, 0x00000000a5700000, 0x00000000a5800000|  0%| F|  |TAMS 0x00000000a5700000, 0x00000000a5700000| Untracked 
|  60|0x00000000a5800000, 0x00000000a5800000, 0x00000000a5900000|  0%| F|  |TAMS 0x00000000a5800000, 0x00000000a5800000| Untracked 
|  61|0x00000000a5900000, 0x00000000a5900000, 0x00000000a5a00000|  0%| F|  |TAMS 0x00000000a5900000, 0x00000000a5900000| Untracked 
|  62|0x00000000a5a00000, 0x00000000a5a00000, 0x00000000a5b00000|  0%| F|  |TAMS 0x00000000a5a00000, 0x00000000a5a00000| Untracked 
|  63|0x00000000a5b00000, 0x00000000a5b00000, 0x00000000a5c00000|  0%| F|  |TAMS 0x00000000a5b00000, 0x00000000a5b00000| Untracked 
|  64|0x00000000a5c00000, 0x00000000a5c00000, 0x00000000a5d00000|  0%| F|  |TAMS 0x00000000a5c00000, 0x00000000a5c00000| Untracked 
|  65|0x00000000a5d00000, 0x00000000a5d00000, 0x00000000a5e00000|  0%| F|  |TAMS 0x00000000a5d00000, 0x00000000a5d00000| Untracked 
|  66|0x00000000a5e00000, 0x00000000a5e00000, 0x00000000a5f00000|  0%| F|  |TAMS 0x00000000a5e00000, 0x00000000a5e00000| Untracked 
|  67|0x00000000a5f00000, 0x00000000a5f00000, 0x00000000a6000000|  0%| F|  |TAMS 0x00000000a5f00000, 0x00000000a5f00000| Untracked 
|  68|0x00000000a6000000, 0x00000000a6000000, 0x00000000a6100000|  0%| F|  |TAMS 0x00000000a6000000, 0x00000000a6000000| Untracked 
|  69|0x00000000a6100000, 0x00000000a6100000, 0x00000000a6200000|  0%| F|  |TAMS 0x00000000a6100000, 0x00000000a6100000| Untracked 
|  70|0x00000000a6200000, 0x00000000a6200000, 0x00000000a6300000|  0%| F|  |TAMS 0x00000000a6200000, 0x00000000a6200000| Untracked 
|  71|0x00000000a6300000, 0x00000000a6300000, 0x00000000a6400000|  0%| F|  |TAMS 0x00000000a6300000, 0x00000000a6300000| Untracked 
|  72|0x00000000a6400000, 0x00000000a6400000, 0x00000000a6500000|  0%| F|  |TAMS 0x00000000a6400000, 0x00000000a6400000| Untracked 
|  73|0x00000000a6500000, 0x00000000a6500000, 0x00000000a6600000|  0%| F|  |TAMS 0x00000000a6500000, 0x00000000a6500000| Untracked 
|  74|0x00000000a6600000, 0x00000000a6600000, 0x00000000a6700000|  0%| F|  |TAMS 0x00000000a6600000, 0x00000000a6600000| Untracked 
|  75|0x00000000a6700000, 0x00000000a6700000, 0x00000000a6800000|  0%| F|  |TAMS 0x00000000a6700000, 0x00000000a6700000| Untracked 
|  76|0x00000000a6800000, 0x00000000a6800000, 0x00000000a6900000|  0%| F|  |TAMS 0x00000000a6800000, 0x00000000a6800000| Untracked 
|  77|0x00000000a6900000, 0x00000000a69fbce0, 0x00000000a6a00000| 98%| E|  |TAMS 0x00000000a6900000, 0x00000000a6900000| Complete 
|  78|0x00000000a6a00000, 0x00000000a6b00000, 0x00000000a6b00000|100%| E|  |TAMS 0x00000000a6a00000, 0x00000000a6a00000| Complete 
|  79|0x00000000a6b00000, 0x00000000a6c00000, 0x00000000a6c00000|100%| E|CS|TAMS 0x00000000a6b00000, 0x00000000a6b00000| Complete 
|  80|0x00000000a6c00000, 0x00000000a6d00000, 0x00000000a6d00000|100%| E|CS|TAMS 0x00000000a6c00000, 0x00000000a6c00000| Complete 
|  81|0x00000000a6d00000, 0x00000000a6e00000, 0x00000000a6e00000|100%| E|CS|TAMS 0x00000000a6d00000, 0x00000000a6d00000| Complete 
|  82|0x00000000a6e00000, 0x00000000a6f00000, 0x00000000a6f00000|100%| E|CS|TAMS 0x00000000a6e00000, 0x00000000a6e00000| Complete 
|  83|0x00000000a6f00000, 0x00000000a7000000, 0x00000000a7000000|100%| E|CS|TAMS 0x00000000a6f00000, 0x00000000a6f00000| Complete 
|  84|0x00000000a7000000, 0x00000000a7100000, 0x00000000a7100000|100%| E|CS|TAMS 0x00000000a7000000, 0x00000000a7000000| Complete 
|  85|0x00000000a7100000, 0x00000000a7200000, 0x00000000a7200000|100%| E|CS|TAMS 0x00000000a7100000, 0x00000000a7100000| Complete 
|  86|0x00000000a7200000, 0x00000000a7300000, 0x00000000a7300000|100%| E|CS|TAMS 0x00000000a7200000, 0x00000000a7200000| Complete 
|  87|0x00000000a7300000, 0x00000000a7400000, 0x00000000a7400000|100%| E|CS|TAMS 0x00000000a7300000, 0x00000000a7300000| Complete 
|  88|0x00000000a7400000, 0x00000000a7500000, 0x00000000a7500000|100%| E|CS|TAMS 0x00000000a7400000, 0x00000000a7400000| Complete 
|  89|0x00000000a7500000, 0x00000000a7600000, 0x00000000a7600000|100%| E|CS|TAMS 0x00000000a7500000, 0x00000000a7500000| Complete 
|  90|0x00000000a7600000, 0x00000000a7700000, 0x00000000a7700000|100%| E|CS|TAMS 0x00000000a7600000, 0x00000000a7600000| Complete 
|  91|0x00000000a7700000, 0x00000000a7800000, 0x00000000a7800000|100%| E|CS|TAMS 0x00000000a7700000, 0x00000000a7700000| Complete 
|  92|0x00000000a7800000, 0x00000000a7900000, 0x00000000a7900000|100%| E|CS|TAMS 0x00000000a7800000, 0x00000000a7800000| Complete 
|  93|0x00000000a7900000, 0x00000000a7a00000, 0x00000000a7a00000|100%| E|CS|TAMS 0x00000000a7900000, 0x00000000a7900000| Complete 
|  94|0x00000000a7a00000, 0x00000000a7b00000, 0x00000000a7b00000|100%| E|CS|TAMS 0x00000000a7a00000, 0x00000000a7a00000| Complete 
|  95|0x00000000a7b00000, 0x00000000a7c00000, 0x00000000a7c00000|100%| E|CS|TAMS 0x00000000a7b00000, 0x00000000a7b00000| Complete 

Card table byte_map: [0x000002435fa00000,0x000002435fd00000] _byte_map_base: 0x000002435f4f2000

Marking Bits (Prev, Next): (CMBitMap*) 0x00000243484bfc90, (CMBitMap*) 0x00000243484bfcd0
 Prev Bits: [0x0000024360000000, 0x0000024361790000)
 Next Bits: [0x0000024361790000, 0x0000024362f20000)

Polling page: 0x0000024346460000

Metaspace:

Usage:
  Non-class:     12.87 MB used.
      Class:      1.63 MB used.
       Both:     14.51 MB used.

Virtual space:
  Non-class space:       64.00 MB reserved,      13.00 MB ( 20%) committed,  1 nodes.
      Class space:        1.00 GB reserved,       1.75 MB ( <1%) committed,  1 nodes.
             Both:        1.06 GB reserved,      14.75 MB (  1%) committed. 

Chunk freelists:
   Non-Class:  2.52 MB
       Class:  2.12 MB
        Both:  4.64 MB

MaxMetaspaceSize: unlimited
CompressedClassSpaceSize: 1.00 GB
Initial GC threshold: 21.00 MB
Current GC threshold: 21.00 MB
CDS: on
MetaspaceReclaimPolicy: balanced
 - commit_granule_bytes: 65536.
 - commit_granule_words: 8192.
 - virtual_space_node_default_size: 8388608.
 - enlarge_chunks_in_place: 1.
 - new_chunks_are_fully_committed: 0.
 - uncommit_free_chunks: 1.
 - use_allocation_guard: 0.


Internal statistics:

num_allocs_failed_limit: 0.
num_arena_births: 186.
num_arena_deaths: 0.
num_vsnodes_births: 2.
num_vsnodes_deaths: 0.
num_space_committed: 236.
num_space_uncommitted: 0.
num_chunks_returned_to_freelist: 0.
num_chunks_taken_from_freelist: 338.
num_chunk_merges: 0.
num_chunk_splits: 227.
num_chunks_enlarged: 159.
num_inconsistent_stats: 0.

CodeHeap 'non-profiled nmethods': size=120000Kb used=581Kb max_used=581Kb free=119418Kb
 bounds [0x0000024357ea0000, 0x0000024358110000, 0x000002435f3d0000]
CodeHeap 'profiled nmethods': size=120000Kb used=2964Kb max_used=2964Kb free=117035Kb
 bounds [0x00000243503d0000, 0x00000243506c0000, 0x0000024357900000]
CodeHeap 'non-nmethods': size=5760Kb used=1445Kb max_used=1459Kb free=4314Kb
 bounds [0x0000024357900000, 0x0000024357b70000, 0x0000024357ea0000]
 total_blobs=2379 nmethods=1662 adapters=628
 compilation: enabled
              stopped_count=0, restarted_count=0
 full_count=0

Compilation events (20 events):
Event: 2.170 Thread 0x0000024365933f50 1665       1       java.awt.AWTEvent::getID (5 bytes)
Event: 2.170 Thread 0x0000024365933f50 nmethod 1665 0x0000024357f2f690 code [0x0000024357f2f820, 0x0000024357f2f8d8]
Event: 2.170 Thread 0x0000024365933f50 1653       1       javax.swing.AbstractButton::getIcon (5 bytes)
Event: 2.170 Thread 0x0000024365933f50 nmethod 1653 0x0000024357f2f990 code [0x0000024357f2fb20, 0x0000024357f2fbf8]
Event: 2.170 Thread 0x0000024365933f50 1654       1       javax.swing.AbstractButton::getHorizontalAlignment (5 bytes)
Event: 2.170 Thread 0x0000024365933f50 nmethod 1654 0x0000024357f2fc90 code [0x0000024357f2fe20, 0x0000024357f2fef8]
Event: 2.170 Thread 0x0000024365933f50 1655       1       javax.swing.AbstractButton::getHorizontalTextPosition (5 bytes)
Event: 2.171 Thread 0x0000024365933f50 nmethod 1655 0x0000024357f2ff90 code [0x0000024357f30120, 0x0000024357f301f8]
Event: 2.171 Thread 0x0000024365933f50 1656       1       javax.swing.AbstractButton::getVerticalTextPosition (5 bytes)
Event: 2.171 Thread 0x0000024365933f50 nmethod 1656 0x0000024357f30290 code [0x0000024357f30420, 0x0000024357f304f8]
Event: 2.171 Thread 0x0000024365933f50 1657       1       javax.swing.AbstractButton::getIconTextGap (5 bytes)
Event: 2.171 Thread 0x0000024365933f50 nmethod 1657 0x0000024357f30590 code [0x0000024357f30720, 0x0000024357f307f8]
Event: 2.171 Thread 0x0000024365933f50 1663       1       javax.swing.AbstractButton::getDisplayedMnemonicIndex (5 bytes)
Event: 2.171 Thread 0x0000024365933f50 nmethod 1663 0x0000024357f30890 code [0x0000024357f30a20, 0x0000024357f30af8]
Event: 2.171 Thread 0x0000024365933f50 1659       1       javax.swing.text.JTextComponent::getDocument (5 bytes)
Event: 2.171 Thread 0x0000024365933f50 nmethod 1659 0x0000024357f30b90 code [0x0000024357f30d20, 0x0000024357f30df8]
Event: 2.171 Thread 0x0000024365933f50 1660       1       javax.swing.JTextField::getUIClassID (3 bytes)
Event: 2.171 Thread 0x0000024365933f50 nmethod 1660 0x0000024357f30e90 code [0x0000024357f31020, 0x0000024357f310f8]
Event: 2.171 Thread 0x0000024365933f50 1661       1       javax.swing.text.View::getElement (5 bytes)
Event: 2.171 Thread 0x0000024365933f50 nmethod 1661 0x0000024357f31190 code [0x0000024357f31320, 0x0000024357f313d8]

GC Heap History (0 events):
No events

Dll operation events (10 events):
Event: 0.021 Loaded shared library C:\Program Files\Java\jdk-19\bin\java.dll
Event: 0.039 Loaded shared library C:\Program Files\Java\jdk-19\bin\jsvml.dll
Event: 0.124 Loaded shared library C:\Program Files\Java\jdk-19\bin\jimage.dll
Event: 0.145 Loaded shared library C:\Program Files\Java\jdk-19\bin\net.dll
Event: 0.148 Loaded shared library C:\Program Files\Java\jdk-19\bin\nio.dll
Event: 0.155 Loaded shared library C:\Program Files\Java\jdk-19\bin\zip.dll
Event: 0.183 Loaded shared library C:\Program Files\Java\jdk-19\bin\awt.dll
Event: 0.525 Loaded shared library C:\Program Files\Java\jdk-19\bin\freetype.dll
Event: 0.529 Loaded shared library C:\Program Files\Java\jdk-19\bin\fontmanager.dll
Event: 1.613 Loaded shared library C:\Program Files\Java\jdk-19\bin\extnet.dll

Deoptimization events (20 events):
Event: 1.620 Thread 0x0000024369cbe1a0 DEOPT PACKING pc=0x000002435056ebd1 sp=0x00000073536fc180
Event: 1.620 Thread 0x0000024369cbe1a0 DEOPT UNPACKING pc=0x0000024357967543 sp=0x00000073536fb678 mode 0
Event: 1.688 Thread 0x0000024369cbe1a0 DEOPT PACKING pc=0x00000243505713d7 sp=0x00000073536fdac0
Event: 1.688 Thread 0x0000024369cbe1a0 DEOPT UNPACKING pc=0x0000024357967543 sp=0x00000073536fcf58 mode 0
Event: 1.763 Thread 0x0000024369cbe1a0 DEOPT PACKING pc=0x0000024350557565 sp=0x00000073536fd480
Event: 1.763 Thread 0x0000024369cbe1a0 DEOPT UNPACKING pc=0x0000024357967543 sp=0x00000073536fc8d0 mode 0
Event: 1.794 Thread 0x0000024369cbe1a0 Uncommon trap: trap_request=0xffffff45 fr.pc=0x0000024357f00f58 relative=0x0000000000000138
Event: 1.794 Thread 0x0000024369cbe1a0 Uncommon trap: reason=unstable_if action=reinterpret pc=0x0000024357f00f58 method=java.util.concurrent.locks.ReentrantLock$NonfairSync.initialTryLock()Z @ 10 c2
Event: 1.794 Thread 0x0000024369cbe1a0 DEOPT PACKING pc=0x0000024357f00f58 sp=0x00000073536febe0
Event: 1.794 Thread 0x0000024369cbe1a0 DEOPT UNPACKING pc=0x0000024357966da3 sp=0x00000073536feb88 mode 2
Event: 1.794 Thread 0x0000024369cbe1a0 Uncommon trap: trap_request=0xffffff45 fr.pc=0x0000024357f01adc relative=0x00000000000000bc
Event: 1.794 Thread 0x0000024369cbe1a0 Uncommon trap: reason=unstable_if action=reinterpret pc=0x0000024357f01adc method=java.util.concurrent.locks.ReentrantLock$Sync.tryRelease(I)Z @ 26 c2
Event: 1.794 Thread 0x0000024369cbe1a0 DEOPT PACKING pc=0x0000024357f01adc sp=0x00000073536febe0
Event: 1.794 Thread 0x0000024369cbe1a0 DEOPT UNPACKING pc=0x0000024357966da3 sp=0x00000073536feb80 mode 2
Event: 2.126 Thread 0x0000024369cbe1a0 DEOPT PACKING pc=0x000002435068f20e sp=0x00000073536fd100
Event: 2.126 Thread 0x0000024369cbe1a0 DEOPT UNPACKING pc=0x0000024357967543 sp=0x00000073536fc4b0 mode 0
Event: 2.141 Thread 0x0000024369cbe1a0 DEOPT PACKING pc=0x00000243506864c6 sp=0x00000073536fd180
Event: 2.141 Thread 0x0000024369cbe1a0 DEOPT UNPACKING pc=0x0000024357967543 sp=0x00000073536fc610 mode 0
Event: 2.145 Thread 0x0000024369cbe1a0 DEOPT PACKING pc=0x00000243506864c6 sp=0x00000073536fd230
Event: 2.145 Thread 0x0000024369cbe1a0 DEOPT UNPACKING pc=0x0000024357967543 sp=0x00000073536fc6c0 mode 0

Classes loaded (20 events):
Event: 2.158 Loading class java/awt/SentEvent done
Event: 2.158 Loading class java/awt/DefaultKeyboardFocusManager$DefaultKeyboardFocusManagerSentEvent done
Event: 2.158 Loading class sun/awt/WeakIdentityHashMap$WeakKey
Event: 2.158 Loading class sun/awt/WeakIdentityHashMap$WeakKey done
Event: 2.159 Loading class java/util/ArrayList$ListItr
Event: 2.160 Loading class java/util/ArrayList$ListItr done
Event: 2.161 Loading class java/awt/event/FocusEvent$Cause
Event: 2.161 Loading class java/awt/event/FocusEvent$Cause done
Event: 2.161 Loading class sun/awt/KeyboardFocusManagerPeerImpl$KfmAccessor
Event: 2.161 Loading class sun/awt/KeyboardFocusManagerPeerImpl$KfmAccessor done
Event: 2.161 Loading class java/awt/KeyboardFocusManager$HeavyweightFocusRequest
Event: 2.162 Loading class java/awt/KeyboardFocusManager$HeavyweightFocusRequest done
Event: 2.162 Loading class java/awt/DefaultKeyboardFocusManager$TypeAheadMarker
Event: 2.162 Loading class java/awt/DefaultKeyboardFocusManager$TypeAheadMarker done
Event: 2.162 Loading class java/awt/KeyboardFocusManager$LightweightFocusRequest
Event: 2.162 Loading class java/awt/KeyboardFocusManager$LightweightFocusRequest done
Event: 2.169 Loading class javax/swing/RepaintManager$3
Event: 2.169 Loading class javax/swing/RepaintManager$3 done
Event: 2.170 Loading class java/util/concurrent/locks/AbstractQueuedSynchronizer$ExclusiveNode
Event: 2.170 Loading class java/util/concurrent/locks/AbstractQueuedSynchronizer$ExclusiveNode done

Classes unloaded (0 events):
No events

Classes redefined (0 events):
No events

Internal exceptions (20 events):
Event: 0.632 Thread 0x000002434846fcb0 Exception <a 'java/lang/ClassNotFoundException'{0x00000000a76e74d0}: ToolTip> (0x00000000a76e74d0) 
thrown [s\open\src\hotspot\share\classfile\systemDictionary.cpp, line 255]
Event: 0.635 Thread 0x000002434846fcb0 Exception <a 'java/lang/ClassNotFoundException'{0x00000000a76e7e20}: Tree> (0x00000000a76e7e20) 
thrown [s\open\src\hotspot\share\classfile\systemDictionary.cpp, line 255]
Event: 0.635 Thread 0x000002434846fcb0 Exception <a 'java/lang/ClassNotFoundException'{0x00000000a76e8318}: Tree> (0x00000000a76e8318) 
thrown [s\open\src\hotspot\share\classfile\systemDictionary.cpp, line 255]
Event: 0.635 Thread 0x000002434846fcb0 Exception <a 'java/lang/ClassNotFoundException'{0x00000000a76e8688}: javax/swing/JTreeCell> (0x00000000a76e8688) 
thrown [s\open\src\hotspot\share\classfile\systemDictionary.cpp, line 255]
Event: 0.635 Thread 0x000002434846fcb0 Exception <a 'java/lang/ClassNotFoundException'{0x00000000a76e8990}: TreeCell> (0x00000000a76e8990) 
thrown [s\open\src\hotspot\share\classfile\systemDictionary.cpp, line 255]
Event: 0.635 Thread 0x000002434846fcb0 Exception <a 'java/lang/ClassNotFoundException'{0x00000000a76e9148}: RootPane> (0x00000000a76e9148) 
thrown [s\open\src\hotspot\share\classfile\systemDictionary.cpp, line 255]
Event: 0.640 Thread 0x000002434846fcb0 Exception <a 'java/lang/ClassNotFoundException'{0x00000000a76ebf58}: com/sun/swing/internal/plaf/metal/resources/spi/metalProvider> (0x00000000a76ebf58) 
thrown [s\open\src\hotspot\share\classfile\systemDictionary.cpp, line 255]
Event: 0.642 Thread 0x000002434846fcb0 Exception <a 'java/lang/ClassNotFoundException'{0x00000000a76efe18}: com/sun/swing/internal/plaf/basic/resources/spi/basicProvider> (0x00000000a76efe18) 
thrown [s\open\src\hotspot\share\classfile\systemDictionary.cpp, line 255]
Event: 0.847 Thread 0x0000024369cbe1a0 Exception <a 'java/lang/ClassNotFoundException'{0x00000000a758e818}: com/sun/swing/internal/plaf/synth/resources/spi/synthProvider> (0x00000000a758e818) 
thrown [s\open\src\hotspot\share\classfile\systemDictionary.cpp, line 255]
Event: 0.877 Thread 0x0000024369cbe1a0 Exception <a 'java/lang/NoSuchMethodError'{0x00000000a75d2400}: 'int java.lang.invoke.Invokers$Holder.invokeExact_MT(java.lang.Object, java.lang.Object)'> (0x00000000a75d2400) 
thrown [s\open\src\hotspot\share\interpreter\linkResolver.cpp, line 774]
Event: 0.886 Thread 0x0000024369cbe1a0 Exception <a 'java/lang/NoSuchMethodError'{0x00000000a75daa18}: 'java.lang.Object java.lang.invoke.DirectMethodHandle$Holder.newInvokeSpecial(java.lang.Object, java.lang.Object, int)'> (0x00000000a75daa18) 
thrown [s\open\src\hotspot\share\interpreter\linkResolver.cpp, line 774]
Event: 0.888 Thread 0x0000024369cbe1a0 Exception <a 'java/lang/NoSuchMethodError'{0x00000000a75dfc60}: 'int java.lang.invoke.DirectMethodHandle$Holder.invokeSpecial(java.lang.Object, java.lang.Object, java.lang.Object, int)'> (0x00000000a75dfc60) 
thrown [s\open\src\hotspot\share\interpreter\linkResolver.cpp, line 774]
Event: 0.890 Thread 0x0000024369cbe1a0 Exception <a 'java/lang/NoSuchMethodError'{0x00000000a7406930}: 'java.lang.Object java.lang.invoke.DirectMethodHandle$Holder.invokeStatic(java.lang.Object, java.lang.Object, java.lang.Object, java.lang.Object, int)'> (0x00000000a7406930) 
thrown [s\open\src\hotspot\share\interpreter\linkResolver.cpp, line 774]
Event: 0.893 Thread 0x0000024369cbe1a0 Exception <a 'java/lang/NoSuchMethodError'{0x00000000a7412a48}: 'int java.lang.invoke.DirectMethodHandle$Holder.invokeSpecial(java.lang.Object, java.lang.Object, java.lang.Object)'> (0x00000000a7412a48) 
thrown [s\open\src\hotspot\share\interpreter\linkResolver.cpp, line 774]
Event: 1.088 Thread 0x0000024369cbc710 Exception <a 'java/lang/NoSuchMethodError'{0x00000000a7885b98}: 'void java.lang.invoke.DirectMethodHandle$Holder.invokeVirtual(java.lang.Object, java.lang.Object)'> (0x00000000a7885b98) 
thrown [s\open\src\hotspot\share\interpreter\linkResolver.cpp, line 774]
Event: 1.123 Thread 0x0000024369cbe1a0 Exception <a 'java/lang/NoSuchMethodError'{0x00000000a74e4298}: 'void java.lang.invoke.DirectMethodHandle$Holder.invokeStaticInit(java.lang.Object)'> (0x00000000a74e4298) 
thrown [s\open\src\hotspot\share\interpreter\linkResolver.cpp, line 774]
Event: 1.417 Thread 0x0000024369cbe1a0 Exception <a 'java/lang/NoSuchMethodError'{0x00000000a726a390}: 'java.lang.Object java.lang.invoke.DirectMethodHandle$Holder.invokeInterface(java.lang.Object, java.lang.Object)'> (0x00000000a726a390) 
thrown [s\open\src\hotspot\share\interpreter\linkResolver.cpp, line 774]
Event: 1.460 Thread 0x0000024369cbe1a0 Exception <a 'java/lang/NoSuchMethodError'{0x00000000a72e5080}: 'void java.lang.invoke.DirectMethodHandle$Holder.invokeStatic(java.lang.Object, java.lang.Object, java.lang.Object)'> (0x00000000a72e5080) 
thrown [s\open\src\hotspot\share\interpreter\linkResolver.cpp, line 774]
Event: 1.462 Thread 0x0000024369cbe1a0 Exception <a 'java/lang/NoSuchMethodError'{0x00000000a72ef228}: 'java.lang.Object java.lang.invoke.DirectMethodHandle$Holder.invokeVirtual(java.lang.Object, java.lang.Object, java.lang.Object)'> (0x00000000a72ef228) 
thrown [s\open\src\hotspot\share\interpreter\linkResolver.cpp, line 774]
Event: 1.615 Thread 0x0000024369cbe1a0 Exception <a 'java/lang/NoSuchMethodError'{0x00000000a6e00878}: 'void java.lang.invoke.DirectMethodHandle$Holder.invokeStatic(java.lang.Object, java.lang.Object)'> (0x00000000a6e00878) 
thrown [s\open\src\hotspot\share\interpreter\linkResolver.cpp, line 774]

VM Operations (20 events):
Event: 0.247 Executing VM operation: HandshakeAllThreads
Event: 0.247 Executing VM operation: HandshakeAllThreads done
Event: 0.639 Executing VM operation: HandshakeAllThreads
Event: 0.640 Executing VM operation: HandshakeAllThreads done
Event: 0.973 Executing VM operation: HandshakeAllThreads
Event: 0.973 Executing VM operation: HandshakeAllThreads done
Event: 1.024 Executing VM operation: HandshakeAllThreads
Event: 1.024 Executing VM operation: HandshakeAllThreads done
Event: 1.032 Executing VM operation: HandshakeAllThreads
Event: 1.032 Executing VM operation: HandshakeAllThreads done
Event: 1.591 Executing VM operation: ICBufferFull
Event: 1.591 Executing VM operation: ICBufferFull done
Event: 1.592 Executing VM operation: HandshakeAllThreads
Event: 1.593 Executing VM operation: HandshakeAllThreads done
Event: 1.945 Executing VM operation: HandshakeAllThreads
Event: 1.945 Executing VM operation: HandshakeAllThreads done
Event: 2.160 Executing VM operation: HandshakeAllThreads
Event: 2.160 Executing VM operation: HandshakeAllThreads done
Event: 2.171 Executing VM operation: HandshakeAllThreads
Event: 2.171 Executing VM operation: HandshakeAllThreads done

Events (20 events):
Event: 0.039 Thread 0x000002434846fcb0 Thread added: 0x000002434846fcb0
Event: 0.065 Thread 0x0000024365918970 Thread added: 0x0000024365918970
Event: 0.065 Thread 0x0000024365919640 Thread added: 0x0000024365919640
Event: 0.065 Thread 0x000002436591f5d0 Thread added: 0x000002436591f5d0
Event: 0.066 Thread 0x0000024365921f10 Thread added: 0x0000024365921f10
Event: 0.066 Thread 0x0000024365926e00 Thread added: 0x0000024365926e00
Event: 0.066 Thread 0x0000024365928070 Thread added: 0x0000024365928070
Event: 0.066 Thread 0x0000024365932ca0 Thread added: 0x0000024365932ca0
Event: 0.066 Thread 0x0000024365933f50 Thread added: 0x0000024365933f50
Event: 0.066 Thread 0x000002436593f840 Thread added: 0x000002436593f840
Event: 0.103 Thread 0x0000024369cbe6f0 Thread added: 0x0000024369cbe6f0
Event: 0.107 Thread 0x0000024369cbb720 Thread added: 0x0000024369cbb720
Event: 0.330 Thread 0x0000024369cbbc70 Thread added: 0x0000024369cbbc70
Event: 0.332 Thread 0x0000024369cbc1c0 Thread added: 0x0000024369cbc1c0
Event: 0.335 Thread 0x0000024369cbc710 Thread added: 0x0000024369cbc710
Event: 0.669 Thread 0x0000024369cbe1a0 Thread added: 0x0000024369cbe1a0
Event: 0.670 Thread 0x000002434846fcb0 Thread exited: 0x000002434846fcb0
Event: 0.670 Thread 0x0000024369cbcc60 Thread added: 0x0000024369cbcc60
Event: 1.377 Thread 0x0000024369cbb1d0 Thread added: 0x0000024369cbb1d0
Event: 1.908 Thread 0x000002436b0e4ae0 Thread added: 0x000002436b0e4ae0


Dynamic libraries:
0x00007ff753ed0000 - 0x00007ff753ee0000 	C:\Program Files\Java\jdk-19\bin\java.exe
0x00007ffee3e90000 - 0x00007ffee40a4000 	C:\WINDOWS\SYSTEM32\ntdll.dll
0x00007ffee2550000 - 0x00007ffee2612000 	C:\WINDOWS\System32\KERNEL32.DLL
0x00007ffee17b0000 - 0x00007ffee1b53000 	C:\WINDOWS\System32\KERNELBASE.dll
0x00007ffee1450000 - 0x00007ffee1561000 	C:\WINDOWS\System32\ucrtbase.dll
0x00007ffed39c0000 - 0x00007ffed39d8000 	C:\Program Files\Java\jdk-19\bin\jli.dll
0x00007ffec1b80000 - 0x00007ffec1b9b000 	C:\Program Files\Java\jdk-19\bin\VCRUNTIME140.dll
0x00007ffee2c90000 - 0x00007ffee2d3e000 	C:\WINDOWS\System32\ADVAPI32.dll
0x00007ffee1e30000 - 0x00007ffee1ed7000 	C:\WINDOWS\System32\msvcrt.dll
0x00007ffee2440000 - 0x00007ffee24e4000 	C:\WINDOWS\System32\sechost.dll
0x00007ffee2b70000 - 0x00007ffee2c87000 	C:\WINDOWS\System32\RPCRT4.dll
0x00007ffee3a30000 - 0x00007ffee3bdb000 	C:\WINDOWS\System32\USER32.dll
0x00007ffee1780000 - 0x00007ffee17a6000 	C:\WINDOWS\System32\win32u.dll
0x00007ffed0460000 - 0x00007ffed06ee000 	C:\WINDOWS\WinSxS\amd64_microsoft.windows.common-controls_6595b64144ccf1df_6.0.22621.1635_none_270f70857386168e\COMCTL32.dll
0x00007ffee2a30000 - 0x00007ffee2a59000 	C:\WINDOWS\System32\GDI32.dll
0x00007ffee12b0000 - 0x00007ffee13c8000 	C:\WINDOWS\System32\gdi32full.dll
0x00007ffee16e0000 - 0x00007ffee177a000 	C:\WINDOWS\System32\msvcp_win.dll
0x00007ffed9f60000 - 0x00007ffed9f6a000 	C:\WINDOWS\SYSTEM32\VERSION.dll
0x00007ffee3e00000 - 0x00007ffee3e31000 	C:\WINDOWS\System32\IMM32.DLL
0x00007ffed3b10000 - 0x00007ffed3b1c000 	C:\Program Files\Java\jdk-19\bin\vcruntime140_1.dll
0x00007ffe97f50000 - 0x00007ffe97fde000 	C:\Program Files\Java\jdk-19\bin\msvcp140.dll
0x00007ffe809f0000 - 0x00007ffe816b0000 	C:\Program Files\Java\jdk-19\bin\server\jvm.dll
0x00007ffed3e00000 - 0x00007ffed3e09000 	C:\WINDOWS\SYSTEM32\WSOCK32.dll
0x00007ffed9890000 - 0x00007ffed98c4000 	C:\WINDOWS\SYSTEM32\WINMM.dll
0x00007ffee1c90000 - 0x00007ffee1d01000 	C:\WINDOWS\System32\WS2_32.dll
0x00007ffee0300000 - 0x00007ffee0318000 	C:\WINDOWS\SYSTEM32\kernel.appcore.dll
0x00007ffed38f0000 - 0x00007ffed38fa000 	C:\Program Files\Java\jdk-19\bin\jimage.dll
0x00007ffed4d40000 - 0x00007ffed4f6e000 	C:\WINDOWS\SYSTEM32\DBGHELP.DLL
0x00007ffee3540000 - 0x00007ffee38c9000 	C:\WINDOWS\System32\combase.dll
0x00007ffee38d0000 - 0x00007ffee39a7000 	C:\WINDOWS\System32\OLEAUT32.dll
0x00007ffea2ac0000 - 0x00007ffea2af2000 	C:\WINDOWS\SYSTEM32\dbgcore.DLL
0x00007ffee13d0000 - 0x00007ffee144b000 	C:\WINDOWS\System32\bcryptPrimitives.dll
0x00007ffec19c0000 - 0x00007ffec19e6000 	C:\Program Files\Java\jdk-19\bin\java.dll
0x00007ffe9b300000 - 0x00007ffe9b3d7000 	C:\Program Files\Java\jdk-19\bin\jsvml.dll
0x00007ffee2d40000 - 0x00007ffee353a000 	C:\WINDOWS\System32\SHELL32.dll
0x00007ffedf2b0000 - 0x00007ffedfb7e000 	C:\WINDOWS\SYSTEM32\windows.storage.dll
0x00007ffedf170000 - 0x00007ffedf2ae000 	C:\WINDOWS\SYSTEM32\wintypes.dll
0x00007ffee3c00000 - 0x00007ffee3cf1000 	C:\WINDOWS\System32\SHCORE.dll
0x00007ffee2830000 - 0x00007ffee288e000 	C:\WINDOWS\System32\shlwapi.dll
0x00007ffee11e0000 - 0x00007ffee1201000 	C:\WINDOWS\SYSTEM32\profapi.dll
0x00007ffec1970000 - 0x00007ffec1983000 	C:\Program Files\Java\jdk-19\bin\net.dll
0x00007ffed8ba0000 - 0x00007ffed8cd7000 	C:\WINDOWS\SYSTEM32\WINHTTP.dll
0x00007ffee0770000 - 0x00007ffee07d9000 	C:\WINDOWS\system32\mswsock.dll
0x00007ffebee60000 - 0x00007ffebee76000 	C:\Program Files\Java\jdk-19\bin\nio.dll
0x00007ffeb6d70000 - 0x00007ffeb6d88000 	C:\Program Files\Java\jdk-19\bin\zip.dll
0x00007ffe964c0000 - 0x00007ffe96651000 	C:\Program Files\Java\jdk-19\bin\awt.dll
0x00007ffede820000 - 0x00007ffede8b7000 	C:\WINDOWS\SYSTEM32\apphelp.dll
0x00007ffede8e0000 - 0x00007ffede98b000 	C:\WINDOWS\system32\uxtheme.dll
0x00007ffee1d10000 - 0x00007ffee1e2e000 	C:\WINDOWS\System32\MSCTF.dll
0x00007ffee2890000 - 0x00007ffee2a2c000 	C:\WINDOWS\System32\ole32.dll
0x00007ffedecf0000 - 0x00007ffeded1b000 	C:\WINDOWS\system32\DWMAPI.DLL
0x00007ffe97ec0000 - 0x00007ffe97f46000 	C:\Program Files\Java\jdk-19\bin\freetype.dll
0x00007ffe96dd0000 - 0x00007ffe96e96000 	C:\Program Files\Java\jdk-19\bin\fontmanager.dll
0x00007ffe97310000 - 0x00007ffe97410000 	C:\WINDOWS\system32\opengl32.dll
0x00007ffeb6100000 - 0x00007ffeb612d000 	C:\WINDOWS\SYSTEM32\GLU32.dll
0x00007ffede9c0000 - 0x00007ffede9f6000 	C:\WINDOWS\SYSTEM32\dxcore.dll
0x00007ffe6f6b0000 - 0x00007ffe6f859000 	C:\WINDOWS\system32\d3d9.dll
0x00007ffed84c0000 - 0x00007ffed867b000 	C:\WINDOWS\System32\DriverStore\FileRepository\u0383954.inf_amd64_2061df1998435612\B383240\aticfx64.dll
0x00007ffed29c0000 - 0x00007ffed29f4000 	C:\WINDOWS\System32\DriverStore\FileRepository\u0383954.inf_amd64_2061df1998435612\B383240\atiu9p64.dll
0x00007ffe89b10000 - 0x00007ffe8a865000 	C:\WINDOWS\System32\DriverStore\FileRepository\u0383954.inf_amd64_2061df1998435612\B383240\atiumd64.dll
0x00000000654a0000 - 0x00000000663c7000 	C:\WINDOWS\System32\DriverStore\FileRepository\u0383954.inf_amd64_2061df1998435612\B383240\atiumd6a.dll
0x00007ffee1ef0000 - 0x00007ffee2364000 	C:\WINDOWS\System32\SETUPAPI.dll
0x00007ffee1180000 - 0x00007ffee11cd000 	C:\WINDOWS\SYSTEM32\POWRPROF.dll
0x00007ffee1160000 - 0x00007ffee1173000 	C:\WINDOWS\SYSTEM32\UMPDC.dll
0x00007ffed5a60000 - 0x00007ffed5a95000 	C:\WINDOWS\SYSTEM32\amdihk64.dll
0x00007ffedc4a0000 - 0x00007ffedc4e8000 	C:\WINDOWS\SYSTEM32\directxdatabasehelper.dll
0x00007ffee2390000 - 0x00007ffee2440000 	C:\WINDOWS\System32\clbcatq.dll
0x00007ffedd270000 - 0x00007ffedd420000 	C:\WINDOWS\SYSTEM32\WindowsCodecs.dll
0x00007ffec0020000 - 0x00007ffec007e000 	C:\WINDOWS\system32\dataexchange.dll
0x00007ffed93b0000 - 0x00007ffed9627000 	C:\WINDOWS\system32\twinapi.appcore.dll
0x00007ffedfe50000 - 0x00007ffedff43000 	C:\WINDOWS\SYSTEM32\DNSAPI.dll
0x00007ffedfde0000 - 0x00007ffedfe0d000 	C:\WINDOWS\SYSTEM32\IPHLPAPI.DLL
0x00007ffee2b60000 - 0x00007ffee2b69000 	C:\WINDOWS\System32\NSI.dll
0x00007ffed4160000 - 0x00007ffed416a000 	C:\Windows\System32\rasadhlp.dll
0x00007ffed81d0000 - 0x00007ffed8254000 	C:\WINDOWS\System32\fwpuclnt.dll
0x00007ffed2e10000 - 0x00007ffed2e18000 	C:\Program Files\Java\jdk-19\bin\extnet.dll
0x00007ffed1410000 - 0x00007ffed153d000 	C:\WINDOWS\SYSTEM32\textinputframework.dll

dbghelp: loaded successfully - version: 4.0.5 - missing functions: none
symbol engine: initialized successfully - sym options: 0x614 - pdb path: .;C:\Program Files\Java\jdk-19\bin;C:\WINDOWS\SYSTEM32;C:\WINDOWS\WinSxS\amd64_microsoft.windows.common-controls_6595b64144ccf1df_6.0.22621.1635_none_270f70857386168e;C:\Program Files\Java\jdk-19\bin\server;C:\WINDOWS\System32\DriverStore\FileRepository\u0383954.inf_amd64_2061df1998435612\B383240

VM Arguments:
java_command: qlnhaaadattt.UsersManagement
java_class_path (initial): C:\Users\PC\Downloads\NhaDatManager\target\classes;C:\Users\PC\.m2\repository\com\mysql\mysql-connector-j\8.0.32\mysql-connector-j-8.0.32.jar;C:\Users\PC\.m2\repository\com\google\protobuf\protobuf-java\3.21.9\protobuf-java-3.21.9.jar
Launcher Type: SUN_STANDARD

[Global flags]
     intx CICompilerCount                          = 4                                         {product} {ergonomic}
     uint ConcGCThreads                            = 2                                         {product} {ergonomic}
     uint G1ConcRefinementThreads                  = 8                                         {product} {ergonomic}
   size_t G1HeapRegionSize                         = 1048576                                   {product} {ergonomic}
    uintx GCDrainStackTargetSize                   = 64                                        {product} {ergonomic}
   size_t InitialHeapSize                          = 100663296                                 {product} {ergonomic}
   size_t MarkStackSize                            = 4194304                                   {product} {ergonomic}
   size_t MaxHeapSize                              = 1581252608                                {product} {ergonomic}
   size_t MaxNewSize                               = 947912704                                 {product} {ergonomic}
   size_t MinHeapDeltaBytes                        = 1048576                                   {product} {ergonomic}
   size_t MinHeapSize                              = 8388608                                   {product} {ergonomic}
    uintx NonNMethodCodeHeapSize                   = 5839372                                {pd product} {ergonomic}
    uintx NonProfiledCodeHeapSize                  = 122909434                              {pd product} {ergonomic}
    uintx ProfiledCodeHeapSize                     = 122909434                              {pd product} {ergonomic}
    uintx ReservedCodeCacheSize                    = 251658240                              {pd product} {ergonomic}
     bool SegmentedCodeCache                       = true                                      {product} {ergonomic}
   size_t SoftMaxHeapSize                          = 1581252608                             {manageable} {ergonomic}
     bool UseCompressedClassPointers               = true                           {product lp64_product} {ergonomic}
     bool UseCompressedOops                        = true                           {product lp64_product} {ergonomic}
     bool UseG1GC                                  = true                                      {product} {ergonomic}
     bool UseLargePagesIndividualAllocation        = false                                  {pd product} {ergonomic}

Logging:
Log output configuration:
 #0: stdout all=warning uptime,level,tags foldmultilines=false
 #1: stderr all=off uptime,level,tags foldmultilines=false

Environment Variables:
JAVA_HOME=C:\Program Files\Java\jdk-19
PATH=C:\Program Files\Microsoft\jdk-11.0.12.7-hotspot\bin;C:\Program Files\Eclipse Foundation\jdk-8.0.302.8-hotspot\bin;C:\Program Files\Common Files\Oracle\Java\javapath;C:\Program Files (x86)\Common Files\Oracle\Java\javapath;C:\Program Files\Python39\Scripts\;C:\Program Files\Python39\;C:\WINDOWS\system32;C:\WINDOWS;C:\WINDOWS\System32\Wbem;C:\WINDOWS\System32\WindowsPowerShell\v1.0\;C:\WINDOWS\System32\OpenSSH\;C:\Program Files\Microsoft SQL Server\Client SDK\ODBC\170\Tools\Binn\;C:\Program Files (x86)\Microsoft SQL Server\150\Tools\Binn\;C:\Program Files\Microsoft SQL Server\150\Tools\Binn\;C:\Program Files\Microsoft SQL Server\150\DTS\Binn\;C:\Program Files\Azure Data Studio\bin;C:\Program Files\Microsoft SQL Server\Client SDK\ODBC\130\Tools\Binn\;C:\Program Files (x86)\Microsoft SQL Server\140\Tools\Binn\;C:\Program Files\Microsoft SQL Server\140\Tools\Binn\;C:\Program Files\Microsoft SQL Server\140\DTS\Binn\;C:\Program Files (x86)\Microsoft SQL Server\150\DTS\Binn\;C:\Program Files (x86)\Rational\common;C:\Program Files\dotnet\;C:\Program Files\Microsoft SQL Server\130\Tools\Binn\;C:\Program Files\Git\cmd;C:\WINDOWS\system32;C:\WINDOWS;C:\WINDOWS\System32\Wbem;C:\WINDOWS\System32\WindowsPowerShell\v1.0\;C:\WINDOWS\System32\OpenSSH\;%NVM_HOME%;%NVM_SYMLINK%;C:\Users\PC\AppData\Local\Microsoft\WindowsApps;C:\Program Files (x86)\Dev-Cpp\MinGW64\bin;C:\Users\PC\AppData\Local\Programs\Microsoft VS Code\bin;C:\Program Files\Azure Data Studio\bin;C:\Users\PC\AppData\Local\GitHubDesktop\bin;C:\Users\PC\AppData\Roaming\npm;C:\Users\PC\.dotnet\tools;C:\Program Files\JetBrains\IntelliJ IDEA Community Edition 2022.2.2\bin;;C:\Users\PC\AppData\Roaming\nvm;C:\Program Files\nodejs
USERNAME=PC
OS=Windows_NT
PROCESSOR_IDENTIFIER=AMD64 Family 23 Model 24 Stepping 1, AuthenticAMD
TMP=C:\Users\PC\AppData\Local\Temp
TEMP=C:\Users\PC\AppData\Local\Temp



---------------  S Y S T E M  ---------------

OS:
 Windows 11 , 64 bit Build 22621 (10.0.22621.1635)
OS uptime: 4 days 16:21 hours

CPU: total 8 (initial active 8) (8 cores per cpu, 2 threads per core) family 23 model 24 stepping 1 microcode 0x0, cx8, cmov, fxsr, ht, mmx, 3dnowpref, sse, sse2, sse3, ssse3, sse4a, sse4.1, sse4.2, popcnt, lzcnt, tsc, tscinvbit, avx, avx2, aes, clmul, bmi1, bmi2, adx, sha, fma, vzeroupper, clflush, clflushopt, rdtscp

Memory: 4k page, system-wide physical 6030M (322M free)
TotalPageFile size 19651M (AvailPageFile size 0M)
current process WorkingSet (physical memory assigned to process): 101M, peak: 101M
current process commit charge ("private bytes"): 252M, peak: 252M

vm_info: Java HotSpot(TM) 64-Bit Server VM (19.0.2+7-44) for windows-amd64 JRE (19.0.2+7-44), built on 2022-11-30T18:02:09Z by "mach5one" with MS VC++ 17.1 (VS2022)

END.
