#
# There is insufficient memory for the Java Runtime Environment to continue.
# Native memory allocation (malloc) failed to allocate 136336 bytes for Chunk::new
# Possible reasons:
#   The system is out of physical RAM or swap space
#   The process is running with CompressedOops enabled, and the Java Heap may be blocking the growth of the native heap
# Possible solutions:
#   Reduce memory load on the system
#   Increase physical memory or swap space
#   Check if swap backing store is full
#   Decrease Java heap size (-Xmx/-Xms)
#   Decrease number of Java threads
#   Decrease Java thread stack sizes (-Xss)
#   Set larger code cache with -XX:ReservedCodeCacheSize=
#   JVM is running with Unscaled Compressed Oops mode in which the Java heap is
#     placed in the first 4GB address space. The Java Heap base address is the
#     maximum limit for the native heap growth. Please use -XX:HeapBaseMinAddress
#     to set the Java Heap base and to place the Java Heap above 4GB virtual address.
# This output file may be truncated or incomplete.
#
#  Out of Memory Error (arena.cpp:184), pid=20500, tid=26920
#
# JRE version: Java(TM) SE Runtime Environment (19.0.2+7) (build 19.0.2+7-44)
# Java VM: Java HotSpot(TM) 64-Bit Server VM (19.0.2+7-44, mixed mode, sharing, tiered, compressed oops, compressed class ptrs, g1 gc, windows-amd64)
# No core dump will be written. Minidumps are not enabled by default on client versions of Windows
#

---------------  S U M M A R Y ------------

Command Line: -Dclassworlds.conf=C:\Program Files\NetBeans-17\netbeans\java\maven\bin\m2.conf -Dmaven.home=C:\Program Files\NetBeans-17\netbeans\java\maven -Dlibrary.jansi.path=C:\Program Files\NetBeans-17\netbeans\java\maven\lib\jansi-native -Dmaven.multiModuleProjectDirectory=C:\Users\PC\Downloads\NhaDatManager org.codehaus.plexus.classworlds.launcher.Launcher -Dexec.vmArgs= -Dexec.args=${exec.vmArgs} -classpath %classpath ${exec.mainClass} ${exec.appArgs} -Dexec.executable=C:\Program Files\Java\jdk-19\bin\java.exe -Dexec.mainClass=qlnhaaadattt.UsersManagement -Dexec.classpathScope=runtime -Dexec.appArgs= -Dmaven.ext.class.path=C:\Program Files\NetBeans-17\netbeans\java\maven-nblib\netbeans-eventspy.jar --no-transfer-progress org.codehaus.mojo:exec-maven-plugin:3.1.0:exec

Host: AMD Ryzen 7 3700U with Radeon Vega Mobile Gfx  , 8 cores, 5G,  Windows 11 , 64 bit Build 22621 (10.0.22621.1635)
Time: Mon Jun  5 01:56:27 2023 SE Asia Standard Time elapsed time: 6.569201 seconds (0d 0h 0m 6s)

---------------  T H R E A D  ---------------

Current thread (0x000002d7c466c680):  JavaThread "C2 CompilerThread0" daemon [_thread_in_native, id=26920, stack(0x000000e11c400000,0x000000e11c500000)]


Current CompileTask:
C2:   6569 2718       4       org.fusesource.jansi.io.AnsiOutputStream::write (898 bytes)

Stack: [0x000000e11c400000,0x000000e11c500000]
Native frames: (J=compiled Java code, j=interpreted, Vv=VM code, C=native code)
V  [jvm.dll+0x6ee21a]
V  [jvm.dll+0x85765e]
V  [jvm.dll+0x85904e]
V  [jvm.dll+0x859703]
V  [jvm.dll+0x28298f]
V  [jvm.dll+0xc9adf]
V  [jvm.dll+0xc9e65]
V  [jvm.dll+0x3bca12]
V  [jvm.dll+0x3860e1]
V  [jvm.dll+0x38555a]
V  [jvm.dll+0x24c3d9]
V  [jvm.dll+0x24b781]
V  [jvm.dll+0x1d6ce1]
V  [jvm.dll+0x25b25a]
V  [jvm.dll+0x2596e8]
V  [jvm.dll+0x807588]
V  [jvm.dll+0x80125a]
V  [jvm.dll+0x6ecf0b]
C  [ucrtbase.dll+0x29363]
C  [KERNEL32.DLL+0x126ad]
C  [ntdll.dll+0x5a9f8]


---------------  P R O C E S S  ---------------

Threads class SMR info:
_java_thread_list=0x000002d7c93c3980, length=15, elements={
0x000002d7a719ff60, 0x000002d7c465d940, 0x000002d7c465ea80, 0x000002d7c4665860,
0x000002d7c4666390, 0x000002d7c46690e0, 0x000002d7c4669a10, 0x000002d7c466c680,
0x000002d7c467dd50, 0x000002d7c4680ae0, 0x000002d7c88cdf80, 0x000002d7c88f4bb0,
0x000002d7c968e930, 0x000002d7c960d390, 0x000002d7c9949810
}

Java Threads: ( => current thread )
  0x000002d7a719ff60 JavaThread "main" [_thread_in_native, id=18496, stack(0x000000e11b700000,0x000000e11b800000)]
  0x000002d7c465d940 JavaThread "Reference Handler" daemon [_thread_blocked, id=14828, stack(0x000000e11be00000,0x000000e11bf00000)]
  0x000002d7c465ea80 JavaThread "Finalizer" daemon [_thread_blocked, id=2300, stack(0x000000e11bf00000,0x000000e11c000000)]
  0x000002d7c4665860 JavaThread "Signal Dispatcher" daemon [_thread_blocked, id=32892, stack(0x000000e11c000000,0x000000e11c100000)]
  0x000002d7c4666390 JavaThread "Attach Listener" daemon [_thread_blocked, id=13600, stack(0x000000e11c100000,0x000000e11c200000)]
  0x000002d7c46690e0 JavaThread "Service Thread" daemon [_thread_blocked, id=5080, stack(0x000000e11c200000,0x000000e11c300000)]
  0x000002d7c4669a10 JavaThread "Monitor Deflation Thread" daemon [_thread_blocked, id=25680, stack(0x000000e11c300000,0x000000e11c400000)]
=>0x000002d7c466c680 JavaThread "C2 CompilerThread0" daemon [_thread_in_native, id=26920, stack(0x000000e11c400000,0x000000e11c500000)]
  0x000002d7c467dd50 JavaThread "C1 CompilerThread0" daemon [_thread_blocked, id=33500, stack(0x000000e11c500000,0x000000e11c600000)]
  0x000002d7c4680ae0 JavaThread "Sweeper thread" daemon [_thread_blocked, id=33296, stack(0x000000e11c600000,0x000000e11c700000)]
  0x000002d7c88cdf80 JavaThread "Notification Thread" daemon [_thread_blocked, id=19384, stack(0x000000e11c700000,0x000000e11c800000)]
  0x000002d7c88f4bb0 JavaThread "Common-Cleaner" daemon [_thread_blocked, id=18836, stack(0x000000e11c900000,0x000000e11ca00000)]
  0x000002d7c968e930 JavaThread "Exec Stream Pumper" daemon [_thread_in_native, id=34568, stack(0x000000e11d100000,0x000000e11d200000)]
  0x000002d7c960d390 JavaThread "Exec Stream Pumper" daemon [_thread_in_native, id=2200, stack(0x000000e11d200000,0x000000e11d300000)]
  0x000002d7c9949810 JavaThread "Exec Input Stream Pumper" daemon [_thread_blocked, id=7844, stack(0x000000e11d300000,0x000000e11d400000)]

Other Threads:
  0x000002d7c4642a00 VMThread "VM Thread" [stack: 0x000000e11bd00000,0x000000e11be00000] [id=27464]
  0x000002d7c88ee8e0 WatcherThread "VM Periodic Task Thread" [stack: 0x000000e11c800000,0x000000e11c900000] [id=33476]
  0x000002d7a71f1280 WorkerThread "GC Thread#0" [stack: 0x000000e11b800000,0x000000e11b900000] [id=31268]
  0x000002d7c93f38b0 WorkerThread "GC Thread#1" [stack: 0x000000e11ca00000,0x000000e11cb00000] [id=27620]
  0x000002d7c94ecc60 WorkerThread "GC Thread#2" [stack: 0x000000e11cb00000,0x000000e11cc00000] [id=25124]
  0x000002d7c92538a0 WorkerThread "GC Thread#3" [stack: 0x000000e11cc00000,0x000000e11cd00000] [id=7752]
  0x000002d7c9254110 WorkerThread "GC Thread#4" [stack: 0x000000e11cd00000,0x000000e11ce00000] [id=26592]
  0x000002d7c92554c0 WorkerThread "GC Thread#5" [stack: 0x000000e11ce00000,0x000000e11cf00000] [id=12572]
  0x000002d7c9253b70 WorkerThread "GC Thread#6" [stack: 0x000000e11cf00000,0x000000e11d000000] [id=22748]
  0x000002d7c9254980 WorkerThread "GC Thread#7" [stack: 0x000000e11d000000,0x000000e11d100000] [id=18192]
  0x000002d7a71fde60 ConcurrentGCThread "G1 Main Marker" [stack: 0x000000e11b900000,0x000000e11ba00000] [id=28912]
  0x000002d7a71feb90 WorkerThread "G1 Conc#0" [stack: 0x000000e11ba00000,0x000000e11bb00000] [id=32432]
  0x000002d7a725e350 ConcurrentGCThread "G1 Refine#0" [stack: 0x000000e11bb00000,0x000000e11bc00000] [id=7036]
  0x000002d7c45020b0 ConcurrentGCThread "G1 Service" [stack: 0x000000e11bc00000,0x000000e11bd00000] [id=28632]

Threads with active compile tasks:
C2 CompilerThread0     6610 2718       4       org.fusesource.jansi.io.AnsiOutputStream::write (898 bytes)

VM state: not at safepoint (normal execution)

VM Mutex/Monitor currently owned by a thread: None

Heap address: 0x00000000a1c00000, size: 1508 MB, Compressed Oops mode: 32-bit

CDS archive(s) mapped at: [0x0000000800000000-0x0000000800c40000-0x0000000800c40000), size 12845056, SharedBaseAddress: 0x0000000800000000, ArchiveRelocationMode: 0.
Compressed class space mapped at: 0x0000000801000000-0x0000000841000000, reserved size: 1073741824
Narrow klass base: 0x0000000800000000, Narrow klass shift: 0, Narrow klass range: 0x100000000

GC Precious Log:
 CardTable entry size: 512
 Card Set container configuration: InlinePtr #cards 5 size 8 Array Of Cards #cards 12 size 40 Howl #buckets 4 coarsen threshold 1843 Howl Bitmap #cards 512 size 80 coarsen threshold 460 Card regions per heap region 1 cards per card region 2048
 CPUs: 8 total, 8 available
 Memory: 6030M
 Large Page Support: Disabled
 NUMA Support: Disabled
 Compressed Oops: Enabled (32-bit)
 Heap Region Size: 1M
 Heap Min Capacity: 8M
 Heap Initial Capacity: 96M
 Heap Max Capacity: 1508M
 Pre-touch: Disabled
 Parallel Workers: 8
 Concurrent Workers: 2
 Concurrent Refinement Workers: 8
 Periodic GC: Disabled

Heap:
 garbage-first heap   total 98304K, used 26500K [0x00000000a1c00000, 0x0000000100000000)
  region size 1024K, 24 young (24576K), 3 survivors (3072K)
 Metaspace       used 13796K, committed 14080K, reserved 1114112K
  class space    used 1560K, committed 1664K, reserved 1048576K

Heap Regions: E=young(eden), S=young(survivor), O=old, HS=humongous(starts), HC=humongous(continues), CS=collection set, F=free, OA=open archive, CA=closed archive, TAMS=top-at-mark-start (previous, next)
|   0|0x00000000a1c00000, 0x00000000a1d00000, 0x00000000a1d00000|100%| O|  |TAMS 0x00000000a1c00000, 0x00000000a1c00000| Untracked 
|   1|0x00000000a1d00000, 0x00000000a1e00000, 0x00000000a1e00000|100%| O|  |TAMS 0x00000000a1d00000, 0x00000000a1d00000| Untracked 
|   2|0x00000000a1e00000, 0x00000000a1f00000, 0x00000000a1f00000|100%| O|  |TAMS 0x00000000a1e00000, 0x00000000a1e00000| Untracked 
|   3|0x00000000a1f00000, 0x00000000a1f5b400, 0x00000000a2000000| 35%| O|  |TAMS 0x00000000a1f00000, 0x00000000a1f00000| Untracked 
|   4|0x00000000a2000000, 0x00000000a2000000, 0x00000000a2100000|  0%| F|  |TAMS 0x00000000a2000000, 0x00000000a2000000| Untracked 
|   5|0x00000000a2100000, 0x00000000a2100000, 0x00000000a2200000|  0%| F|  |TAMS 0x00000000a2100000, 0x00000000a2100000| Untracked 
|   6|0x00000000a2200000, 0x00000000a2200000, 0x00000000a2300000|  0%| F|  |TAMS 0x00000000a2200000, 0x00000000a2200000| Untracked 
|   7|0x00000000a2300000, 0x00000000a2300000, 0x00000000a2400000|  0%| F|  |TAMS 0x00000000a2300000, 0x00000000a2300000| Untracked 
|   8|0x00000000a2400000, 0x00000000a2400000, 0x00000000a2500000|  0%| F|  |TAMS 0x00000000a2400000, 0x00000000a2400000| Untracked 
|   9|0x00000000a2500000, 0x00000000a2500000, 0x00000000a2600000|  0%| F|  |TAMS 0x00000000a2500000, 0x00000000a2500000| Untracked 
|  10|0x00000000a2600000, 0x00000000a2600000, 0x00000000a2700000|  0%| F|  |TAMS 0x00000000a2600000, 0x00000000a2600000| Untracked 
|  11|0x00000000a2700000, 0x00000000a2700000, 0x00000000a2800000|  0%| F|  |TAMS 0x00000000a2700000, 0x00000000a2700000| Untracked 
|  12|0x00000000a2800000, 0x00000000a2800000, 0x00000000a2900000|  0%| F|  |TAMS 0x00000000a2800000, 0x00000000a2800000| Untracked 
|  13|0x00000000a2900000, 0x00000000a2900000, 0x00000000a2a00000|  0%| F|  |TAMS 0x00000000a2900000, 0x00000000a2900000| Untracked 
|  14|0x00000000a2a00000, 0x00000000a2a00000, 0x00000000a2b00000|  0%| F|  |TAMS 0x00000000a2a00000, 0x00000000a2a00000| Untracked 
|  15|0x00000000a2b00000, 0x00000000a2b00000, 0x00000000a2c00000|  0%| F|  |TAMS 0x00000000a2b00000, 0x00000000a2b00000| Untracked 
|  16|0x00000000a2c00000, 0x00000000a2c00000, 0x00000000a2d00000|  0%| F|  |TAMS 0x00000000a2c00000, 0x00000000a2c00000| Untracked 
|  17|0x00000000a2d00000, 0x00000000a2d00000, 0x00000000a2e00000|  0%| F|  |TAMS 0x00000000a2d00000, 0x00000000a2d00000| Untracked 
|  18|0x00000000a2e00000, 0x00000000a2e00000, 0x00000000a2f00000|  0%| F|  |TAMS 0x00000000a2e00000, 0x00000000a2e00000| Untracked 
|  19|0x00000000a2f00000, 0x00000000a2f00000, 0x00000000a3000000|  0%| F|  |TAMS 0x00000000a2f00000, 0x00000000a2f00000| Untracked 
|  20|0x00000000a3000000, 0x00000000a3000000, 0x00000000a3100000|  0%| F|  |TAMS 0x00000000a3000000, 0x00000000a3000000| Untracked 
|  21|0x00000000a3100000, 0x00000000a3100000, 0x00000000a3200000|  0%| F|  |TAMS 0x00000000a3100000, 0x00000000a3100000| Untracked 
|  22|0x00000000a3200000, 0x00000000a3200000, 0x00000000a3300000|  0%| F|  |TAMS 0x00000000a3200000, 0x00000000a3200000| Untracked 
|  23|0x00000000a3300000, 0x00000000a3300000, 0x00000000a3400000|  0%| F|  |TAMS 0x00000000a3300000, 0x00000000a3300000| Untracked 
|  24|0x00000000a3400000, 0x00000000a3400000, 0x00000000a3500000|  0%| F|  |TAMS 0x00000000a3400000, 0x00000000a3400000| Untracked 
|  25|0x00000000a3500000, 0x00000000a3500000, 0x00000000a3600000|  0%| F|  |TAMS 0x00000000a3500000, 0x00000000a3500000| Untracked 
|  26|0x00000000a3600000, 0x00000000a3600000, 0x00000000a3700000|  0%| F|  |TAMS 0x00000000a3600000, 0x00000000a3600000| Untracked 
|  27|0x00000000a3700000, 0x00000000a3700000, 0x00000000a3800000|  0%| F|  |TAMS 0x00000000a3700000, 0x00000000a3700000| Untracked 
|  28|0x00000000a3800000, 0x00000000a3800000, 0x00000000a3900000|  0%| F|  |TAMS 0x00000000a3800000, 0x00000000a3800000| Untracked 
|  29|0x00000000a3900000, 0x00000000a3900000, 0x00000000a3a00000|  0%| F|  |TAMS 0x00000000a3900000, 0x00000000a3900000| Untracked 
|  30|0x00000000a3a00000, 0x00000000a3a00000, 0x00000000a3b00000|  0%| F|  |TAMS 0x00000000a3a00000, 0x00000000a3a00000| Untracked 
|  31|0x00000000a3b00000, 0x00000000a3b00000, 0x00000000a3c00000|  0%| F|  |TAMS 0x00000000a3b00000, 0x00000000a3b00000| Untracked 
|  32|0x00000000a3c00000, 0x00000000a3c00000, 0x00000000a3d00000|  0%| F|  |TAMS 0x00000000a3c00000, 0x00000000a3c00000| Untracked 
|  33|0x00000000a3d00000, 0x00000000a3d00000, 0x00000000a3e00000|  0%| F|  |TAMS 0x00000000a3d00000, 0x00000000a3d00000| Untracked 
|  34|0x00000000a3e00000, 0x00000000a3e00000, 0x00000000a3f00000|  0%| F|  |TAMS 0x00000000a3e00000, 0x00000000a3e00000| Untracked 
|  35|0x00000000a3f00000, 0x00000000a3f00000, 0x00000000a4000000|  0%| F|  |TAMS 0x00000000a3f00000, 0x00000000a3f00000| Untracked 
|  36|0x00000000a4000000, 0x00000000a4000000, 0x00000000a4100000|  0%| F|  |TAMS 0x00000000a4000000, 0x00000000a4000000| Untracked 
|  37|0x00000000a4100000, 0x00000000a4100000, 0x00000000a4200000|  0%| F|  |TAMS 0x00000000a4100000, 0x00000000a4100000| Untracked 
|  38|0x00000000a4200000, 0x00000000a4200000, 0x00000000a4300000|  0%| F|  |TAMS 0x00000000a4200000, 0x00000000a4200000| Untracked 
|  39|0x00000000a4300000, 0x00000000a4300000, 0x00000000a4400000|  0%| F|  |TAMS 0x00000000a4300000, 0x00000000a4300000| Untracked 
|  40|0x00000000a4400000, 0x00000000a4400000, 0x00000000a4500000|  0%| F|  |TAMS 0x00000000a4400000, 0x00000000a4400000| Untracked 
|  41|0x00000000a4500000, 0x00000000a4500000, 0x00000000a4600000|  0%| F|  |TAMS 0x00000000a4500000, 0x00000000a4500000| Untracked 
|  42|0x00000000a4600000, 0x00000000a4600000, 0x00000000a4700000|  0%| F|  |TAMS 0x00000000a4600000, 0x00000000a4600000| Untracked 
|  43|0x00000000a4700000, 0x00000000a4700000, 0x00000000a4800000|  0%| F|  |TAMS 0x00000000a4700000, 0x00000000a4700000| Untracked 
|  44|0x00000000a4800000, 0x00000000a4800000, 0x00000000a4900000|  0%| F|  |TAMS 0x00000000a4800000, 0x00000000a4800000| Untracked 
|  45|0x00000000a4900000, 0x00000000a4900000, 0x00000000a4a00000|  0%| F|  |TAMS 0x00000000a4900000, 0x00000000a4900000| Untracked 
|  46|0x00000000a4a00000, 0x00000000a4a00000, 0x00000000a4b00000|  0%| F|  |TAMS 0x00000000a4a00000, 0x00000000a4a00000| Untracked 
|  47|0x00000000a4b00000, 0x00000000a4b00000, 0x00000000a4c00000|  0%| F|  |TAMS 0x00000000a4b00000, 0x00000000a4b00000| Untracked 
|  48|0x00000000a4c00000, 0x00000000a4c00000, 0x00000000a4d00000|  0%| F|  |TAMS 0x00000000a4c00000, 0x00000000a4c00000| Untracked 
|  49|0x00000000a4d00000, 0x00000000a4d00000, 0x00000000a4e00000|  0%| F|  |TAMS 0x00000000a4d00000, 0x00000000a4d00000| Untracked 
|  50|0x00000000a4e00000, 0x00000000a4e00000, 0x00000000a4f00000|  0%| F|  |TAMS 0x00000000a4e00000, 0x00000000a4e00000| Untracked 
|  51|0x00000000a4f00000, 0x00000000a4f00000, 0x00000000a5000000|  0%| F|  |TAMS 0x00000000a4f00000, 0x00000000a4f00000| Untracked 
|  52|0x00000000a5000000, 0x00000000a5000000, 0x00000000a5100000|  0%| F|  |TAMS 0x00000000a5000000, 0x00000000a5000000| Untracked 
|  53|0x00000000a5100000, 0x00000000a5100000, 0x00000000a5200000|  0%| F|  |TAMS 0x00000000a5100000, 0x00000000a5100000| Untracked 
|  54|0x00000000a5200000, 0x00000000a5200000, 0x00000000a5300000|  0%| F|  |TAMS 0x00000000a5200000, 0x00000000a5200000| Untracked 
|  55|0x00000000a5300000, 0x00000000a5300000, 0x00000000a5400000|  0%| F|  |TAMS 0x00000000a5300000, 0x00000000a5300000| Untracked 
|  56|0x00000000a5400000, 0x00000000a5400000, 0x00000000a5500000|  0%| F|  |TAMS 0x00000000a5400000, 0x00000000a5400000| Untracked 
|  57|0x00000000a5500000, 0x00000000a5500000, 0x00000000a5600000|  0%| F|  |TAMS 0x00000000a5500000, 0x00000000a5500000| Untracked 
|  58|0x00000000a5600000, 0x00000000a5600000, 0x00000000a5700000|  0%| F|  |TAMS 0x00000000a5600000, 0x00000000a5600000| Untracked 
|  59|0x00000000a5700000, 0x00000000a5700000, 0x00000000a5800000|  0%| F|  |TAMS 0x00000000a5700000, 0x00000000a5700000| Untracked 
|  60|0x00000000a5800000, 0x00000000a5885dd0, 0x00000000a5900000| 52%| S|CS|TAMS 0x00000000a5800000, 0x00000000a5800000| Complete 
|  61|0x00000000a5900000, 0x00000000a5a00000, 0x00000000a5a00000|100%| S|CS|TAMS 0x00000000a5900000, 0x00000000a5900000| Complete 
|  62|0x00000000a5a00000, 0x00000000a5b00000, 0x00000000a5b00000|100%| S|CS|TAMS 0x00000000a5a00000, 0x00000000a5a00000| Complete 
|  63|0x00000000a5b00000, 0x00000000a5b00000, 0x00000000a5c00000|  0%| F|  |TAMS 0x00000000a5b00000, 0x00000000a5b00000| Untracked 
|  64|0x00000000a5c00000, 0x00000000a5c00000, 0x00000000a5d00000|  0%| F|  |TAMS 0x00000000a5c00000, 0x00000000a5c00000| Untracked 
|  65|0x00000000a5d00000, 0x00000000a5d00000, 0x00000000a5e00000|  0%| F|  |TAMS 0x00000000a5d00000, 0x00000000a5d00000| Untracked 
|  66|0x00000000a5e00000, 0x00000000a5e00000, 0x00000000a5f00000|  0%| F|  |TAMS 0x00000000a5e00000, 0x00000000a5e00000| Untracked 
|  67|0x00000000a5f00000, 0x00000000a5f00000, 0x00000000a6000000|  0%| F|  |TAMS 0x00000000a5f00000, 0x00000000a5f00000| Untracked 
|  68|0x00000000a6000000, 0x00000000a6000000, 0x00000000a6100000|  0%| F|  |TAMS 0x00000000a6000000, 0x00000000a6000000| Untracked 
|  69|0x00000000a6100000, 0x00000000a6100000, 0x00000000a6200000|  0%| F|  |TAMS 0x00000000a6100000, 0x00000000a6100000| Untracked 
|  70|0x00000000a6200000, 0x00000000a6200000, 0x00000000a6300000|  0%| F|  |TAMS 0x00000000a6200000, 0x00000000a6200000| Untracked 
|  71|0x00000000a6300000, 0x00000000a6300000, 0x00000000a6400000|  0%| F|  |TAMS 0x00000000a6300000, 0x00000000a6300000| Untracked 
|  72|0x00000000a6400000, 0x00000000a6400000, 0x00000000a6500000|  0%| F|  |TAMS 0x00000000a6400000, 0x00000000a6400000| Untracked 
|  73|0x00000000a6500000, 0x00000000a6500000, 0x00000000a6600000|  0%| F|  |TAMS 0x00000000a6500000, 0x00000000a6500000| Untracked 
|  74|0x00000000a6600000, 0x00000000a6600000, 0x00000000a6700000|  0%| F|  |TAMS 0x00000000a6600000, 0x00000000a6600000| Untracked 
|  75|0x00000000a6700000, 0x00000000a6700800, 0x00000000a6800000|  0%| E|  |TAMS 0x00000000a6700000, 0x00000000a6700000| Complete 
|  76|0x00000000a6800000, 0x00000000a6900000, 0x00000000a6900000|100%| E|CS|TAMS 0x00000000a6800000, 0x00000000a6800000| Complete 
|  77|0x00000000a6900000, 0x00000000a6a00000, 0x00000000a6a00000|100%| E|CS|TAMS 0x00000000a6900000, 0x00000000a6900000| Complete 
|  78|0x00000000a6a00000, 0x00000000a6b00000, 0x00000000a6b00000|100%| E|CS|TAMS 0x00000000a6a00000, 0x00000000a6a00000| Complete 
|  79|0x00000000a6b00000, 0x00000000a6c00000, 0x00000000a6c00000|100%| E|CS|TAMS 0x00000000a6b00000, 0x00000000a6b00000| Complete 
|  80|0x00000000a6c00000, 0x00000000a6d00000, 0x00000000a6d00000|100%| E|CS|TAMS 0x00000000a6c00000, 0x00000000a6c00000| Complete 
|  81|0x00000000a6d00000, 0x00000000a6e00000, 0x00000000a6e00000|100%| E|CS|TAMS 0x00000000a6d00000, 0x00000000a6d00000| Complete 
|  82|0x00000000a6e00000, 0x00000000a6f00000, 0x00000000a6f00000|100%| E|CS|TAMS 0x00000000a6e00000, 0x00000000a6e00000| Complete 
|  83|0x00000000a6f00000, 0x00000000a7000000, 0x00000000a7000000|100%| E|CS|TAMS 0x00000000a6f00000, 0x00000000a6f00000| Complete 
|  84|0x00000000a7000000, 0x00000000a7100000, 0x00000000a7100000|100%| E|CS|TAMS 0x00000000a7000000, 0x00000000a7000000| Complete 
|  85|0x00000000a7100000, 0x00000000a7200000, 0x00000000a7200000|100%| E|CS|TAMS 0x00000000a7100000, 0x00000000a7100000| Complete 
|  86|0x00000000a7200000, 0x00000000a7300000, 0x00000000a7300000|100%| E|CS|TAMS 0x00000000a7200000, 0x00000000a7200000| Complete 
|  87|0x00000000a7300000, 0x00000000a7400000, 0x00000000a7400000|100%| E|CS|TAMS 0x00000000a7300000, 0x00000000a7300000| Complete 
|  88|0x00000000a7400000, 0x00000000a7500000, 0x00000000a7500000|100%| E|CS|TAMS 0x00000000a7400000, 0x00000000a7400000| Complete 
|  89|0x00000000a7500000, 0x00000000a7600000, 0x00000000a7600000|100%| E|CS|TAMS 0x00000000a7500000, 0x00000000a7500000| Complete 
|  90|0x00000000a7600000, 0x00000000a7700000, 0x00000000a7700000|100%| E|CS|TAMS 0x00000000a7600000, 0x00000000a7600000| Complete 
|  91|0x00000000a7700000, 0x00000000a7800000, 0x00000000a7800000|100%| E|CS|TAMS 0x00000000a7700000, 0x00000000a7700000| Complete 
|  92|0x00000000a7800000, 0x00000000a7900000, 0x00000000a7900000|100%| E|CS|TAMS 0x00000000a7800000, 0x00000000a7800000| Complete 
|  93|0x00000000a7900000, 0x00000000a7a00000, 0x00000000a7a00000|100%| E|CS|TAMS 0x00000000a7900000, 0x00000000a7900000| Complete 
|  94|0x00000000a7a00000, 0x00000000a7b00000, 0x00000000a7b00000|100%| E|CS|TAMS 0x00000000a7a00000, 0x00000000a7a00000| Complete 
|  95|0x00000000a7b00000, 0x00000000a7c00000, 0x00000000a7c00000|100%| E|CS|TAMS 0x00000000a7b00000, 0x00000000a7b00000| Complete 

Card table byte_map: [0x000002d7be730000,0x000002d7bea30000] _byte_map_base: 0x000002d7be222000

Marking Bits (Prev, Next): (CMBitMap*) 0x000002d7a71f18b0, (CMBitMap*) 0x000002d7a71f18f0
 Prev Bits: [0x000002d7bed30000, 0x000002d7c04c0000)
 Next Bits: [0x000002d7c04c0000, 0x000002d7c1c50000)

Polling page: 0x000002d7a6960000

Metaspace:

Usage:
  Non-class:     11.95 MB used.
      Class:      1.52 MB used.
       Both:     13.47 MB used.

Virtual space:
  Non-class space:       64.00 MB reserved,      12.12 MB ( 19%) committed,  1 nodes.
      Class space:        1.00 GB reserved,       1.62 MB ( <1%) committed,  1 nodes.
             Both:        1.06 GB reserved,      13.75 MB (  1%) committed. 

Chunk freelists:
   Non-Class:  3.04 MB
       Class:  2.39 MB
        Both:  5.43 MB

MaxMetaspaceSize: unlimited
CompressedClassSpaceSize: 1.00 GB
Initial GC threshold: 21.00 MB
Current GC threshold: 21.00 MB
CDS: on
MetaspaceReclaimPolicy: balanced
 - commit_granule_bytes: 65536.
 - commit_granule_words: 8192.
 - virtual_space_node_default_size: 8388608.
 - enlarge_chunks_in_place: 1.
 - new_chunks_are_fully_committed: 0.
 - uncommit_free_chunks: 1.
 - use_allocation_guard: 0.


Internal statistics:

num_allocs_failed_limit: 0.
num_arena_births: 244.
num_arena_deaths: 0.
num_vsnodes_births: 2.
num_vsnodes_deaths: 0.
num_space_committed: 220.
num_space_uncommitted: 0.
num_chunks_returned_to_freelist: 0.
num_chunks_taken_from_freelist: 701.
num_chunk_merges: 0.
num_chunk_splits: 509.
num_chunks_enlarged: 384.
num_inconsistent_stats: 0.

CodeHeap 'non-profiled nmethods': size=120000Kb used=909Kb max_used=909Kb free=119091Kb
 bounds [0x000002d7b6bd0000, 0x000002d7b6e40000, 0x000002d7be100000]
CodeHeap 'profiled nmethods': size=120000Kb used=5413Kb max_used=5413Kb free=114586Kb
 bounds [0x000002d7af100000, 0x000002d7af650000, 0x000002d7b6630000]
CodeHeap 'non-nmethods': size=5760Kb used=1267Kb max_used=1294Kb free=4492Kb
 bounds [0x000002d7b6630000, 0x000002d7b68a0000, 0x000002d7b6bd0000]
 total_blobs=3191 nmethods=2715 adapters=386
 compilation: enabled
              stopped_count=0, restarted_count=0
 full_count=0

Compilation events (20 events):
Event: 4.113 Thread 0x000002d7c467dd50 2717       3       org.codehaus.plexus.classworlds.strategy.SelfFirstStrategy::loadClass (50 bytes)
Event: 4.113 Thread 0x000002d7c467dd50 nmethod 2717 0x000002d7af648590 code [0x000002d7af6487c0, 0x000002d7af6491b8]
Event: 4.131 Thread 0x000002d7c466c680 nmethod 2645 0x000002d7b6ca8110 code [0x000002d7b6ca85c0, 0x000002d7b6cab768]
Event: 4.131 Thread 0x000002d7c466c680 2660       4       java.lang.String::startsWith (138 bytes)
Event: 4.142 Thread 0x000002d7c466c680 nmethod 2660 0x000002d7b6cae290 code [0x000002d7b6cae420, 0x000002d7b6cae6d8]
Event: 4.142 Thread 0x000002d7c466c680 2649   !   4       java.nio.charset.CharsetDecoder::decode (275 bytes)
Event: 4.151 Thread 0x000002d7c466c680 nmethod 2649 0x000002d7b6cae890 code [0x000002d7b6caea80, 0x000002d7b6caee40]
Event: 4.151 Thread 0x000002d7c466c680 2647   !   4       sun.nio.cs.StreamDecoder::read0 (59 bytes)
Event: 4.163 Thread 0x000002d7c466c680 nmethod 2647 0x000002d7b6caf390 code [0x000002d7b6caf560, 0x000002d7b6cafa80]
Event: 4.163 Thread 0x000002d7c466c680 2650       4       sun.nio.cs.StreamDecoder::lockedRead (189 bytes)
Event: 4.222 Thread 0x000002d7c466c680 nmethod 2650 0x000002d7b6caff10 code [0x000002d7b6cb0200, 0x000002d7b6cb1238]
Event: 4.223 Thread 0x000002d7c466c680 2461       4       java.lang.StringBuilder::<init> (7 bytes)
Event: 4.225 Thread 0x000002d7c466c680 nmethod 2461 0x000002d7b6cb2510 code [0x000002d7b6cb26a0, 0x000002d7b6cb2858]
Event: 4.225 Thread 0x000002d7c466c680 2698       4       java.util.ArrayList::<init> (12 bytes)
Event: 4.227 Thread 0x000002d7c466c680 nmethod 2698 0x000002d7b6cb2910 code [0x000002d7b6cb2aa0, 0x000002d7b6cb2bd8]
Event: 4.227 Thread 0x000002d7c466c680 2446       4       java.util.WeakHashMap::indexFor (6 bytes)
Event: 4.227 Thread 0x000002d7c466c680 nmethod 2446 0x000002d7b6cb2c90 code [0x000002d7b6cb2e00, 0x000002d7b6cb2e58]
Event: 4.227 Thread 0x000002d7c466c680 2369       4       jdk.internal.org.objectweb.asm.ByteVector::put12 (64 bytes)
Event: 4.229 Thread 0x000002d7c466c680 nmethod 2369 0x000002d7b6cb2f90 code [0x000002d7b6cb3120, 0x000002d7b6cb32c8]
Event: 6.554 Thread 0x000002d7c466c680 2718       4       org.fusesource.jansi.io.AnsiOutputStream::write (898 bytes)

GC Heap History (4 events):
Event: 1.426 GC heap before
{Heap before GC invocations=0 (full 0):
 garbage-first heap   total 98304K, used 23552K [0x00000000a1c00000, 0x0000000100000000)
  region size 1024K, 23 young (23552K), 0 survivors (0K)
 Metaspace       used 5022K, committed 5184K, reserved 1114112K
  class space    used 566K, committed 640K, reserved 1048576K
}
Event: 1.438 GC heap after
{Heap after GC invocations=1 (full 0):
 garbage-first heap   total 98304K, used 3520K [0x00000000a1c00000, 0x0000000100000000)
  region size 1024K, 3 young (3072K), 3 survivors (3072K)
 Metaspace       used 5022K, committed 5184K, reserved 1114112K
  class space    used 566K, committed 640K, reserved 1048576K
}
Event: 3.097 GC heap before
{Heap before GC invocations=1 (full 0):
 garbage-first heap   total 98304K, used 34240K [0x00000000a1c00000, 0x0000000100000000)
  region size 1024K, 33 young (33792K), 3 survivors (3072K)
 Metaspace       used 10288K, committed 10560K, reserved 1114112K
  class space    used 1211K, committed 1344K, reserved 1048576K
}
Event: 3.116 GC heap after
{Heap after GC invocations=2 (full 0):
 garbage-first heap   total 98304K, used 6020K [0x00000000a1c00000, 0x0000000100000000)
  region size 1024K, 3 young (3072K), 3 survivors (3072K)
 Metaspace       used 10288K, committed 10560K, reserved 1114112K
  class space    used 1211K, committed 1344K, reserved 1048576K
}

Dll operation events (8 events):
Event: 0.019 Loaded shared library C:\Program Files\Java\jdk-19\bin\java.dll
Event: 0.036 Loaded shared library C:\Program Files\Java\jdk-19\bin\jsvml.dll
Event: 0.109 Loaded shared library C:\Program Files\Java\jdk-19\bin\net.dll
Event: 0.114 Loaded shared library C:\Program Files\Java\jdk-19\bin\nio.dll
Event: 0.121 Loaded shared library C:\Program Files\Java\jdk-19\bin\zip.dll
Event: 0.338 Loaded shared library C:\Program Files\Java\jdk-19\bin\jimage.dll
Event: 0.354 Loaded shared library C:\Program Files\NetBeans-17\netbeans\java\maven\lib\jansi-native\Windows\x86_64\jansi.dll
Event: 0.376 Loaded shared library C:\Program Files\Java\jdk-19\bin\verify.dll

Deoptimization events (20 events):
Event: 4.007 Thread 0x000002d7a719ff60 Uncommon trap: trap_request=0xffffffde fr.pc=0x000002d7b6c8030c relative=0x000000000000006c
Event: 4.007 Thread 0x000002d7a719ff60 Uncommon trap: reason=class_check action=maybe_recompile pc=0x000002d7b6c8030c method=com.google.inject.internal.LinkedBindingImpl.acceptTargetVisitor(Lcom/google/inject/spi/BindingTargetVisitor;)Ljava/lang/Object; @ 2 c2
Event: 4.007 Thread 0x000002d7a719ff60 DEOPT PACKING pc=0x000002d7b6c8030c sp=0x000000e11b7fdaa0
Event: 4.007 Thread 0x000002d7a719ff60 DEOPT UNPACKING pc=0x000002d7b6696da3 sp=0x000000e11b7fda38 mode 2
Event: 4.007 Thread 0x000002d7a719ff60 Uncommon trap: trap_request=0xffffffde fr.pc=0x000002d7b6c8030c relative=0x000000000000006c
Event: 4.007 Thread 0x000002d7a719ff60 Uncommon trap: reason=class_check action=maybe_recompile pc=0x000002d7b6c8030c method=com.google.inject.internal.LinkedBindingImpl.acceptTargetVisitor(Lcom/google/inject/spi/BindingTargetVisitor;)Ljava/lang/Object; @ 2 c2
Event: 4.007 Thread 0x000002d7a719ff60 DEOPT PACKING pc=0x000002d7b6c8030c sp=0x000000e11b7fdaa0
Event: 4.007 Thread 0x000002d7a719ff60 DEOPT UNPACKING pc=0x000002d7b6696da3 sp=0x000000e11b7fda38 mode 2
Event: 4.047 Thread 0x000002d7a719ff60 DEOPT PACKING pc=0x000002d7af1c2034 sp=0x000000e11b7f8910
Event: 4.047 Thread 0x000002d7a719ff60 DEOPT UNPACKING pc=0x000002d7b6697543 sp=0x000000e11b7f7d48 mode 0
Event: 4.047 Thread 0x000002d7a719ff60 DEOPT PACKING pc=0x000002d7af1c1c4c sp=0x000000e11b7f8980
Event: 4.047 Thread 0x000002d7a719ff60 DEOPT UNPACKING pc=0x000002d7b6697543 sp=0x000000e11b7f7e18 mode 0
Event: 4.086 Thread 0x000002d7a719ff60 Uncommon trap: trap_request=0xffffffc6 fr.pc=0x000002d7b6ca27a8 relative=0x0000000000000428
Event: 4.086 Thread 0x000002d7a719ff60 Uncommon trap: reason=bimorphic_or_optimized_type_check action=maybe_recompile pc=0x000002d7b6ca27a8 method=java.util.HashMap.putVal(ILjava/lang/Object;Ljava/lang/Object;ZZ)Ljava/lang/Object; @ 253 c2
Event: 4.086 Thread 0x000002d7a719ff60 DEOPT PACKING pc=0x000002d7b6ca27a8 sp=0x000000e11b7fde20
Event: 4.086 Thread 0x000002d7a719ff60 DEOPT UNPACKING pc=0x000002d7b6696da3 sp=0x000000e11b7fdda0 mode 2
Event: 4.086 Thread 0x000002d7a719ff60 Uncommon trap: trap_request=0xffffffc6 fr.pc=0x000002d7b6ca27a8 relative=0x0000000000000428
Event: 4.086 Thread 0x000002d7a719ff60 Uncommon trap: reason=bimorphic_or_optimized_type_check action=maybe_recompile pc=0x000002d7b6ca27a8 method=java.util.HashMap.putVal(ILjava/lang/Object;Ljava/lang/Object;ZZ)Ljava/lang/Object; @ 253 c2
Event: 4.086 Thread 0x000002d7a719ff60 DEOPT PACKING pc=0x000002d7b6ca27a8 sp=0x000000e11b7fde20
Event: 4.086 Thread 0x000002d7a719ff60 DEOPT UNPACKING pc=0x000002d7b6696da3 sp=0x000000e11b7fdda0 mode 2

Classes loaded (20 events):
Event: 4.109 Loading class java/util/concurrent/SynchronousQueue
Event: 4.110 Loading class java/util/concurrent/SynchronousQueue done
Event: 4.110 Loading class java/util/concurrent/SynchronousQueue$TransferStack
Event: 4.110 Loading class java/util/concurrent/SynchronousQueue$Transferer
Event: 4.111 Loading class java/util/concurrent/SynchronousQueue$Transferer done
Event: 4.111 Loading class java/util/concurrent/SynchronousQueue$TransferStack done
Event: 4.111 Loading class java/util/concurrent/SynchronousQueue$TransferStack$SNode
Event: 4.111 Loading class java/util/concurrent/SynchronousQueue$TransferStack$SNode done
Event: 4.111 Loading class java/lang/ProcessImpl$2
Event: 4.111 Loading class java/lang/ProcessImpl$2 done
Event: 4.112 Loading class java/lang/Process$PipeInputStream
Event: 4.112 Loading class java/lang/Process$PipeInputStream done
Event: 4.112 Loading class jdk/internal/event/ProcessStartEvent
Event: 4.112 Loading class jdk/internal/event/Event
Event: 4.112 Loading class jdk/internal/event/Event done
Event: 4.112 Loading class jdk/internal/event/ProcessStartEvent done
Event: 4.114 Loading class java/io/PipedOutputStream
Event: 4.114 Loading class java/io/PipedOutputStream done
Event: 4.117 Loading class jdk/internal/event/ThreadSleepEvent
Event: 4.117 Loading class jdk/internal/event/ThreadSleepEvent done

Classes unloaded (0 events):
No events

Classes redefined (0 events):
No events

Internal exceptions (20 events):
Event: 3.128 Thread 0x000002d7a719ff60 Exception <a 'java/lang/NoSuchMethodError'{0x00000000a7b31418}: 'java.lang.Object java.lang.invoke.DirectMethodHandle$Holder.newInvokeSpecial(java.lang.Object, java.lang.Object, java.lang.Object, java.lang.Object, java.lang.Object, java.lang.Object, java.lang.Object, java.lang.Object, java.lang.Object, java.lang.Object, java.lang.Object, java.lang.Object)'> (0x00000000a7b31418) 
thrown [s\open\src\hotspot\share\interpreter\linkResolver.cpp, line 774]
Event: 3.141 Thread 0x000002d7a719ff60 Exception <a 'java/lang/NoSuchMethodError'{0x00000000a7b790d0}: 'java.lang.Object java.lang.invoke.DirectMethodHandle$Holder.invokeStatic(java.lang.Object, java.lang.Object, java.lang.Object, java.lang.Object, java.lang.Object, java.lang.Object, java.lang.Object, java.lang.Object, java.lang.Object, java.lang.Object, java.lang.Object, java.lang.Object, java.lang.Object)'> (0x00000000a7b790d0) 
thrown [s\open\src\hotspot\share\interpreter\linkResolver.cpp, line 774]
Event: 3.147 Thread 0x000002d7a719ff60 Exception <a 'java/lang/NoSuchMethodError'{0x00000000a7bfcc50}: 'java.lang.Object java.lang.invoke.DirectMethodHandle$Holder.invokeStatic(java.lang.Object, java.lang.Object, java.lang.Object, java.lang.Object, java.lang.Object, java.lang.Object, java.lang.Object, java.lang.Object, java.lang.Object, java.lang.Object, java.lang.Object, java.lang.Object, java.lang.Object, java.lang.Object)'> (0x00000000a7bfcc50) 
thrown [s\open\src\hotspot\share\interpreter\linkResolver.cpp, line 774]
Event: 3.153 Thread 0x000002d7a719ff60 Exception <a 'java/lang/NoSuchMethodError'{0x00000000a7a1e468}: 'java.lang.Object java.lang.invoke.DirectMethodHandle$Holder.invokeStatic(java.lang.Object, java.lang.Object, java.lang.Object, java.lang.Object, java.lang.Object, java.lang.Object, java.lang.Object, java.lang.Object, java.lang.Object, java.lang.Object, java.lang.Object, java.lang.Object, java.lang.Object, java.lang.Object, java.lang.Object)'> (0x00000000a7a1e468) 
thrown [s\open\src\hotspot\share\interpreter\linkResolver.cpp, line 774]
Event: 3.217 Thread 0x000002d7a719ff60 Exception <a 'java/lang/NoSuchMethodError'{0x00000000a7a9b090}: 'java.lang.Object java.lang.invoke.DirectMethodHandle$Holder.invokeStaticInit(java.lang.Object, int, int, int, int)'> (0x00000000a7a9b090) 
thrown [s\open\src\hotspot\share\interpreter\linkResolver.cpp, line 774]
Event: 3.547 Thread 0x000002d7a719ff60 Exception <a 'java/lang/NoSuchMethodError'{0x00000000a7476970}: 'void java.lang.invoke.DirectMethodHandle$Holder.invokeVirtual(java.lang.Object, java.lang.Object, int)'> (0x00000000a7476970) 
thrown [s\open\src\hotspot\share\interpreter\linkResolver.cpp, line 774]
Event: 3.549 Thread 0x000002d7a719ff60 Exception <a 'java/lang/NoSuchMethodError'{0x00000000a747ad88}: 'int java.lang.invoke.DirectMethodHandle$Holder.invokeSpecial(java.lang.Object, java.lang.Object, java.lang.Object, int)'> (0x00000000a747ad88) 
thrown [s\open\src\hotspot\share\interpreter\linkResolver.cpp, line 774]
Event: 3.552 Thread 0x000002d7a719ff60 Exception <a 'java/lang/NoSuchMethodError'{0x00000000a748b3d8}: 'java.lang.Object java.lang.invoke.DirectMethodHandle$Holder.invokeStatic(java.lang.Object, java.lang.Object, java.lang.Object, java.lang.Object, int)'> (0x00000000a748b3d8) 
thrown [s\open\src\hotspot\share\interpreter\linkResolver.cpp, line 774]
Event: 3.554 Thread 0x000002d7a719ff60 Exception <a 'java/lang/NoSuchMethodError'{0x00000000a7496c98}: 'void java.lang.invoke.DelegatingMethodHandle$Holder.reinvoke_L(java.lang.Object, java.lang.Object, int)'> (0x00000000a7496c98) 
thrown [s\open\src\hotspot\share\interpreter\linkResolver.cpp, line 774]
Event: 3.624 Thread 0x000002d7a719ff60 Implicit null exception at 0x000002d7b6c5ba1e to 0x000002d7b6c5bbdc
Event: 3.717 Thread 0x000002d7a719ff60 Implicit null exception at 0x000002d7b6c549de to 0x000002d7b6c552a8
Event: 3.717 Thread 0x000002d7a719ff60 Implicit null exception at 0x000002d7b6c5306a to 0x000002d7b6c53228
Event: 3.718 Thread 0x000002d7a719ff60 Implicit null exception at 0x000002d7b6c3f6af to 0x000002d7b6c3f729
Event: 3.796 Thread 0x000002d7a719ff60 Implicit null exception at 0x000002d7b6c2fbea to 0x000002d7b6c2fdac
Event: 4.055 Thread 0x000002d7a719ff60 Exception <a 'java/lang/NoSuchMethodError'{0x00000000a694f678}: 'void java.lang.invoke.Invokers$Holder.invokeExact_MT(java.lang.Object, java.lang.Object, int, java.lang.Object)'> (0x00000000a694f678) 
thrown [s\open\src\hotspot\share\interpreter\linkResolver.cpp, line 774]
Event: 4.100 Thread 0x000002d7a719ff60 Exception <a 'java/lang/NoSuchMethodError'{0x00000000a68255e0}: 'void java.lang.invoke.DirectMethodHandle$Holder.invokeStatic(java.lang.Object, long)'> (0x00000000a68255e0) 
thrown [s\open\src\hotspot\share\interpreter\linkResolver.cpp, line 774]
Event: 4.102 Thread 0x000002d7a719ff60 Exception <a 'java/lang/NoSuchMethodError'{0x00000000a682ae90}: 'java.lang.Object java.lang.invoke.DirectMethodHandle$Holder.newInvokeSpecial(java.lang.Object, long)'> (0x00000000a682ae90) 
thrown [s\open\src\hotspot\share\interpreter\linkResolver.cpp, line 774]
Event: 4.104 Thread 0x000002d7a719ff60 Exception <a 'java/lang/NoSuchMethodError'{0x00000000a682f870}: 'java.lang.Object java.lang.invoke.DirectMethodHandle$Holder.invokeStaticInit(java.lang.Object)'> (0x00000000a682f870) 
thrown [s\open\src\hotspot\share\interpreter\linkResolver.cpp, line 774]
Event: 4.107 Thread 0x000002d7a719ff60 Exception <a 'java/lang/NoSuchMethodError'{0x00000000a6835eb0}: 'java.lang.Object java.lang.invoke.DirectMethodHandle$Holder.invokeStatic(java.lang.Object, long, java.lang.Object)'> (0x00000000a6835eb0) 
thrown [s\open\src\hotspot\share\interpreter\linkResolver.cpp, line 774]
Event: 4.108 Thread 0x000002d7a719ff60 Exception <a 'java/lang/NoSuchMethodError'{0x00000000a68398e0}: 'java.lang.Object java.lang.invoke.DirectMethodHandle$Holder.invokeStaticInit(java.lang.Object, long, java.lang.Object)'> (0x00000000a68398e0) 
thrown [s\open\src\hotspot\share\interpreter\linkResolver.cpp, line 774]

VM Operations (20 events):
Event: 3.097 Executing VM operation: G1CollectForAllocation
Event: 3.116 Executing VM operation: G1CollectForAllocation done
Event: 3.176 Executing VM operation: HandshakeAllThreads
Event: 3.176 Executing VM operation: HandshakeAllThreads done
Event: 3.253 Executing VM operation: HandshakeAllThreads
Event: 3.253 Executing VM operation: HandshakeAllThreads done
Event: 3.317 Executing VM operation: HandshakeAllThreads
Event: 3.317 Executing VM operation: HandshakeAllThreads done
Event: 3.396 Executing VM operation: HandshakeAllThreads
Event: 3.396 Executing VM operation: HandshakeAllThreads done
Event: 3.698 Executing VM operation: HandshakeAllThreads
Event: 3.698 Executing VM operation: HandshakeAllThreads done
Event: 3.698 Executing VM operation: HandshakeAllThreads
Event: 3.698 Executing VM operation: HandshakeAllThreads done
Event: 3.868 Executing VM operation: ICBufferFull
Event: 3.868 Executing VM operation: ICBufferFull done
Event: 4.047 Executing VM operation: HandshakeAllThreads
Event: 4.047 Executing VM operation: HandshakeAllThreads done
Event: 5.051 Executing VM operation: Cleanup
Event: 5.051 Executing VM operation: Cleanup done

Events (15 events):
Event: 0.036 Thread 0x000002d7a719ff60 Thread added: 0x000002d7a719ff60
Event: 0.058 Thread 0x000002d7c465d940 Thread added: 0x000002d7c465d940
Event: 0.059 Thread 0x000002d7c465ea80 Thread added: 0x000002d7c465ea80
Event: 0.059 Thread 0x000002d7c4665860 Thread added: 0x000002d7c4665860
Event: 0.059 Thread 0x000002d7c4666390 Thread added: 0x000002d7c4666390
Event: 0.059 Thread 0x000002d7c46690e0 Thread added: 0x000002d7c46690e0
Event: 0.060 Thread 0x000002d7c4669a10 Thread added: 0x000002d7c4669a10
Event: 0.060 Thread 0x000002d7c466c680 Thread added: 0x000002d7c466c680
Event: 0.060 Thread 0x000002d7c467dd50 Thread added: 0x000002d7c467dd50
Event: 0.060 Thread 0x000002d7c4680ae0 Thread added: 0x000002d7c4680ae0
Event: 0.093 Thread 0x000002d7c88cdf80 Thread added: 0x000002d7c88cdf80
Event: 0.100 Thread 0x000002d7c88f4bb0 Thread added: 0x000002d7c88f4bb0
Event: 4.116 Thread 0x000002d7c968e930 Thread added: 0x000002d7c968e930
Event: 4.116 Thread 0x000002d7c960d390 Thread added: 0x000002d7c960d390
Event: 4.116 Thread 0x000002d7c9949810 Thread added: 0x000002d7c9949810


Dynamic libraries:
0x00007ff753ed0000 - 0x00007ff753ee0000 	C:\Program Files\Java\jdk-19\bin\java.exe
0x00007ffee3e90000 - 0x00007ffee40a4000 	C:\WINDOWS\SYSTEM32\ntdll.dll
0x00007ffee2550000 - 0x00007ffee2612000 	C:\WINDOWS\System32\KERNEL32.DLL
0x00007ffee17b0000 - 0x00007ffee1b53000 	C:\WINDOWS\System32\KERNELBASE.dll
0x00007ffee1450000 - 0x00007ffee1561000 	C:\WINDOWS\System32\ucrtbase.dll
0x00007ffed39c0000 - 0x00007ffed39d8000 	C:\Program Files\Java\jdk-19\bin\jli.dll
0x00007ffee2c90000 - 0x00007ffee2d3e000 	C:\WINDOWS\System32\ADVAPI32.dll
0x00007ffec1b80000 - 0x00007ffec1b9b000 	C:\Program Files\Java\jdk-19\bin\VCRUNTIME140.dll
0x00007ffee1e30000 - 0x00007ffee1ed7000 	C:\WINDOWS\System32\msvcrt.dll
0x00007ffee2440000 - 0x00007ffee24e4000 	C:\WINDOWS\System32\sechost.dll
0x00007ffee2b70000 - 0x00007ffee2c87000 	C:\WINDOWS\System32\RPCRT4.dll
0x00007ffee3a30000 - 0x00007ffee3bdb000 	C:\WINDOWS\System32\USER32.dll
0x00007ffee1780000 - 0x00007ffee17a6000 	C:\WINDOWS\System32\win32u.dll
0x00007ffed0460000 - 0x00007ffed06ee000 	C:\WINDOWS\WinSxS\amd64_microsoft.windows.common-controls_6595b64144ccf1df_6.0.22621.1635_none_270f70857386168e\COMCTL32.dll
0x00007ffee2a30000 - 0x00007ffee2a59000 	C:\WINDOWS\System32\GDI32.dll
0x00007ffee12b0000 - 0x00007ffee13c8000 	C:\WINDOWS\System32\gdi32full.dll
0x00007ffee16e0000 - 0x00007ffee177a000 	C:\WINDOWS\System32\msvcp_win.dll
0x00007ffed9f60000 - 0x00007ffed9f6a000 	C:\WINDOWS\SYSTEM32\VERSION.dll
0x00007ffee3e00000 - 0x00007ffee3e31000 	C:\WINDOWS\System32\IMM32.DLL
0x00007ffed3b10000 - 0x00007ffed3b1c000 	C:\Program Files\Java\jdk-19\bin\vcruntime140_1.dll
0x00007ffe97f50000 - 0x00007ffe97fde000 	C:\Program Files\Java\jdk-19\bin\msvcp140.dll
0x00007ffe809f0000 - 0x00007ffe816b0000 	C:\Program Files\Java\jdk-19\bin\server\jvm.dll
0x00007ffed3e00000 - 0x00007ffed3e09000 	C:\WINDOWS\SYSTEM32\WSOCK32.dll
0x00007ffed9890000 - 0x00007ffed98c4000 	C:\WINDOWS\SYSTEM32\WINMM.dll
0x00007ffee1c90000 - 0x00007ffee1d01000 	C:\WINDOWS\System32\WS2_32.dll
0x00007ffee0300000 - 0x00007ffee0318000 	C:\WINDOWS\SYSTEM32\kernel.appcore.dll
0x00007ffed38f0000 - 0x00007ffed38fa000 	C:\Program Files\Java\jdk-19\bin\jimage.dll
0x00007ffed4d40000 - 0x00007ffed4f6e000 	C:\WINDOWS\SYSTEM32\DBGHELP.DLL
0x00007ffee3540000 - 0x00007ffee38c9000 	C:\WINDOWS\System32\combase.dll
0x00007ffee38d0000 - 0x00007ffee39a7000 	C:\WINDOWS\System32\OLEAUT32.dll
0x00007ffea2ac0000 - 0x00007ffea2af2000 	C:\WINDOWS\SYSTEM32\dbgcore.DLL
0x00007ffee13d0000 - 0x00007ffee144b000 	C:\WINDOWS\System32\bcryptPrimitives.dll
0x00007ffec19c0000 - 0x00007ffec19e6000 	C:\Program Files\Java\jdk-19\bin\java.dll
0x00007ffe9b300000 - 0x00007ffe9b3d7000 	C:\Program Files\Java\jdk-19\bin\jsvml.dll
0x00007ffee2d40000 - 0x00007ffee353a000 	C:\WINDOWS\System32\SHELL32.dll
0x00007ffedf2b0000 - 0x00007ffedfb7e000 	C:\WINDOWS\SYSTEM32\windows.storage.dll
0x00007ffedf170000 - 0x00007ffedf2ae000 	C:\WINDOWS\SYSTEM32\wintypes.dll
0x00007ffee3c00000 - 0x00007ffee3cf1000 	C:\WINDOWS\System32\SHCORE.dll
0x00007ffee2830000 - 0x00007ffee288e000 	C:\WINDOWS\System32\shlwapi.dll
0x00007ffee11e0000 - 0x00007ffee1201000 	C:\WINDOWS\SYSTEM32\profapi.dll
0x00007ffec1970000 - 0x00007ffec1983000 	C:\Program Files\Java\jdk-19\bin\net.dll
0x00007ffed8ba0000 - 0x00007ffed8cd7000 	C:\WINDOWS\SYSTEM32\WINHTTP.dll
0x00007ffee0770000 - 0x00007ffee07d9000 	C:\WINDOWS\system32\mswsock.dll
0x00007ffebee60000 - 0x00007ffebee76000 	C:\Program Files\Java\jdk-19\bin\nio.dll
0x00007ffeb6d70000 - 0x00007ffeb6d88000 	C:\Program Files\Java\jdk-19\bin\zip.dll
0x0000000069ac0000 - 0x0000000069ae4000 	C:\Program Files\NetBeans-17\netbeans\java\maven\lib\jansi-native\Windows\x86_64\jansi.dll
0x00007ffed3680000 - 0x00007ffed3690000 	C:\Program Files\Java\jdk-19\bin\verify.dll

dbghelp: loaded successfully - version: 4.0.5 - missing functions: none
symbol engine: initialized successfully - sym options: 0x614 - pdb path: .;C:\Program Files\Java\jdk-19\bin;C:\WINDOWS\SYSTEM32;C:\WINDOWS\WinSxS\amd64_microsoft.windows.common-controls_6595b64144ccf1df_6.0.22621.1635_none_270f70857386168e;C:\Program Files\Java\jdk-19\bin\server;C:\Program Files\NetBeans-17\netbeans\java\maven\lib\jansi-native\Windows\x86_64

VM Arguments:
jvm_args: -Dclassworlds.conf=C:\Program Files\NetBeans-17\netbeans\java\maven\bin\m2.conf -Dmaven.home=C:\Program Files\NetBeans-17\netbeans\java\maven -Dlibrary.jansi.path=C:\Program Files\NetBeans-17\netbeans\java\maven\lib\jansi-native -Dmaven.multiModuleProjectDirectory=C:\Users\PC\Downloads\NhaDatManager 
java_command: org.codehaus.plexus.classworlds.launcher.Launcher -Dexec.vmArgs= -Dexec.args=${exec.vmArgs} -classpath %classpath ${exec.mainClass} ${exec.appArgs} -Dexec.executable=C:\Program Files\Java\jdk-19\bin\java.exe -Dexec.mainClass=qlnhaaadattt.UsersManagement -Dexec.classpathScope=runtime -Dexec.appArgs= -Dmaven.ext.class.path=C:\Program Files\NetBeans-17\netbeans\java\maven-nblib\netbeans-eventspy.jar --no-transfer-progress org.codehaus.mojo:exec-maven-plugin:3.1.0:exec
java_class_path (initial): C:\Program Files\NetBeans-17\netbeans\java\maven\boot\plexus-classworlds-2.6.0.jar
Launcher Type: SUN_STANDARD

[Global flags]
     intx CICompilerCount                          = 4                                         {product} {ergonomic}
     uint ConcGCThreads                            = 2                                         {product} {ergonomic}
     uint G1ConcRefinementThreads                  = 8                                         {product} {ergonomic}
   size_t G1HeapRegionSize                         = 1048576                                   {product} {ergonomic}
    uintx GCDrainStackTargetSize                   = 64                                        {product} {ergonomic}
   size_t InitialHeapSize                          = 100663296                                 {product} {ergonomic}
   size_t MarkStackSize                            = 4194304                                   {product} {ergonomic}
   size_t MaxHeapSize                              = 1581252608                                {product} {ergonomic}
   size_t MaxNewSize                               = 947912704                                 {product} {ergonomic}
   size_t MinHeapDeltaBytes                        = 1048576                                   {product} {ergonomic}
   size_t MinHeapSize                              = 8388608                                   {product} {ergonomic}
    uintx NonNMethodCodeHeapSize                   = 5839372                                {pd product} {ergonomic}
    uintx NonProfiledCodeHeapSize                  = 122909434                              {pd product} {ergonomic}
    uintx ProfiledCodeHeapSize                     = 122909434                              {pd product} {ergonomic}
    uintx ReservedCodeCacheSize                    = 251658240                              {pd product} {ergonomic}
     bool SegmentedCodeCache                       = true                                      {product} {ergonomic}
   size_t SoftMaxHeapSize                          = 1581252608                             {manageable} {ergonomic}
     bool UseCompressedClassPointers               = true                           {product lp64_product} {ergonomic}
     bool UseCompressedOops                        = true                           {product lp64_product} {ergonomic}
     bool UseG1GC                                  = true                                      {product} {ergonomic}
     bool UseLargePagesIndividualAllocation        = false                                  {pd product} {ergonomic}

Logging:
Log output configuration:
 #0: stdout all=warning uptime,level,tags foldmultilines=false
 #1: stderr all=off uptime,level,tags foldmultilines=false

Environment Variables:
JAVA_HOME=C:\Program Files\Java\jdk-19
PATH=C:\Program Files\Microsoft\jdk-11.0.12.7-hotspot\bin;C:\Program Files\Eclipse Foundation\jdk-8.0.302.8-hotspot\bin;C:\Program Files\Common Files\Oracle\Java\javapath;C:\Program Files (x86)\Common Files\Oracle\Java\javapath;C:\Program Files\Python39\Scripts\;C:\Program Files\Python39\;C:\WINDOWS\system32;C:\WINDOWS;C:\WINDOWS\System32\Wbem;C:\WINDOWS\System32\WindowsPowerShell\v1.0\;C:\WINDOWS\System32\OpenSSH\;C:\Program Files\Microsoft SQL Server\Client SDK\ODBC\170\Tools\Binn\;C:\Program Files (x86)\Microsoft SQL Server\150\Tools\Binn\;C:\Program Files\Microsoft SQL Server\150\Tools\Binn\;C:\Program Files\Microsoft SQL Server\150\DTS\Binn\;C:\Program Files\Azure Data Studio\bin;C:\Program Files\Microsoft SQL Server\Client SDK\ODBC\130\Tools\Binn\;C:\Program Files (x86)\Microsoft SQL Server\140\Tools\Binn\;C:\Program Files\Microsoft SQL Server\140\Tools\Binn\;C:\Program Files\Microsoft SQL Server\140\DTS\Binn\;C:\Program Files (x86)\Microsoft SQL Server\150\DTS\Binn\;C:\Program Files (x86)\Rational\common;C:\Program Files\dotnet\;C:\Program Files\Microsoft SQL Server\130\Tools\Binn\;C:\Program Files\Git\cmd;C:\WINDOWS\system32;C:\WINDOWS;C:\WINDOWS\System32\Wbem;C:\WINDOWS\System32\WindowsPowerShell\v1.0\;C:\WINDOWS\System32\OpenSSH\;%NVM_HOME%;%NVM_SYMLINK%;C:\Users\PC\AppData\Local\Microsoft\WindowsApps;C:\Program Files (x86)\Dev-Cpp\MinGW64\bin;C:\Users\PC\AppData\Local\Programs\Microsoft VS Code\bin;C:\Program Files\Azure Data Studio\bin;C:\Users\PC\AppData\Local\GitHubDesktop\bin;C:\Users\PC\AppData\Roaming\npm;C:\Users\PC\.dotnet\tools;C:\Program Files\JetBrains\IntelliJ IDEA Community Edition 2022.2.2\bin;;C:\Users\PC\AppData\Roaming\nvm;C:\Program Files\nodejs
USERNAME=PC
OS=Windows_NT
PROCESSOR_IDENTIFIER=AMD64 Family 23 Model 24 Stepping 1, AuthenticAMD
TMP=C:\Users\PC\AppData\Local\Temp
TEMP=C:\Users\PC\AppData\Local\Temp



---------------  S Y S T E M  ---------------

OS:
 Windows 11 , 64 bit Build 22621 (10.0.22621.1635)
OS uptime: 4 days 16:21 hours

CPU: total 8 (initial active 8) (8 cores per cpu, 2 threads per core) family 23 model 24 stepping 1 microcode 0x0, cx8, cmov, fxsr, ht, mmx, 3dnowpref, sse, sse2, sse3, ssse3, sse4a, sse4.1, sse4.2, popcnt, lzcnt, tsc, tscinvbit, avx, avx2, aes, clmul, bmi1, bmi2, adx, sha, fma, vzeroupper, clflush, clflushopt, rdtscp

Memory: 4k page, system-wide physical 6030M (322M free)
TotalPageFile size 19651M (AvailPageFile size 1M)
current process WorkingSet (physical memory assigned to process): 100M, peak: 107M
current process commit charge ("private bytes"): 203M, peak: 209M

vm_info: Java HotSpot(TM) 64-Bit Server VM (19.0.2+7-44) for windows-amd64 JRE (19.0.2+7-44), built on 2022-11-30T18:02:09Z by "mach5one" with MS VC++ 17.1 (VS2022)

END.
